[2023-07-07 02:39:00] local.ERROR: Route [seller.timings] not defined. (View: /var/www/vhosts/dazzling-edison.217-174-244-122.plesk.page/httpdocs/@core/resources/views/frontend/user/seller/partials/sidebar.blade.php) {"view":{"view":"/var/www/vhosts/dazzling-edison.217-174-244-122.plesk.page/httpdocs/@core/vendor/laravel/framework/src/Illuminate/Routing/UrlGenerator.php","data":[]},"userId":1667,"exception":"[object] (Facade\\Ignition\\Exceptions\\ViewException(code: 0): Route [seller.timings] not defined. (View: /var/www/vhosts/dazzling-edison.217-174-244-122.plesk.page/httpdocs/@core/resources/views/frontend/user/seller/partials/sidebar.blade.php) at /var/www/vhosts/dazzling-edison.217-174-244-122.plesk.page/httpdocs/@core/vendor/laravel/framework/src/Illuminate/Routing/UrlGenerator.php:444)
[stacktrace]
#0 /var/www/vhosts/dazzling-edison.217-174-244-122.plesk.page/httpdocs/@core/vendor/laravel/framework/src/Illuminate/Foundation/helpers.php(739): Illuminate\\Routing\\UrlGenerator->route()
#1 /var/www/vhosts/dazzling-edison.217-174-244-122.plesk.page/httpdocs/@core/resources/views/frontend/user/seller/partials/sidebar.blade.php(74): route()
#2 /var/www/vhosts/dazzling-edison.217-174-244-122.plesk.page/httpdocs/@core/vendor/laravel/framework/src/Illuminate/Filesystem/Filesystem.php(107): require('...')
#3 /var/www/vhosts/dazzling-edison.217-174-244-122.plesk.page/httpdocs/@core/vendor/laravel/framework/src/Illuminate/Filesystem/Filesystem.php(108): Illuminate\\Filesystem\\Filesystem::Illuminate\\Filesystem\\{closure}()
#4 /var/www/vhosts/dazzling-edison.217-174-244-122.plesk.page/httpdocs/@core/vendor/laravel/framework/src/Illuminate/View/Engines/PhpEngine.php(58): Illuminate\\Filesystem\\Filesystem->getRequire()
#5 /var/www/vhosts/dazzling-edison.217-174-244-122.plesk.page/httpdocs/@core/vendor/laravel/framework/src/Illuminate/View/Engines/CompilerEngine.php(61): Illuminate\\View\\Engines\\PhpEngine->evaluatePath()
#6 /var/www/vhosts/dazzling-edison.217-174-244-122.plesk.page/httpdocs/@core/vendor/facade/ignition/src/Views/Engines/CompilerEngine.php(37): Illuminate\\View\\Engines\\CompilerEngine->get()
#7 /var/www/vhosts/dazzling-edison.217-174-244-122.plesk.page/httpdocs/@core/vendor/laravel/framework/src/Illuminate/View/View.php(139): Facade\\Ignition\\Views\\Engines\\CompilerEngine->get()
#8 /var/www/vhosts/dazzling-edison.217-174-244-122.plesk.page/httpdocs/@core/vendor/laravel/framework/src/Illuminate/View/View.php(122): Illuminate\\View\\View->getContents()
#9 /var/www/vhosts/dazzling-edison.217-174-244-122.plesk.page/httpdocs/@core/vendor/laravel/framework/src/Illuminate/View/View.php(91): Illuminate\\View\\View->renderContents()
#10 /var/www/vhosts/dazzling-edison.217-174-244-122.plesk.page/httpdocs/@core/resources/views/frontend/user/seller/dashboard/dashboard.blade.php(19): Illuminate\\View\\View->render()
#11 /var/www/vhosts/dazzling-edison.217-174-244-122.plesk.page/httpdocs/@core/vendor/laravel/framework/src/Illuminate/Filesystem/Filesystem.php(107): require('...')
#12 /var/www/vhosts/dazzling-edison.217-174-244-122.plesk.page/httpdocs/@core/vendor/laravel/framework/src/Illuminate/Filesystem/Filesystem.php(108): Illuminate\\Filesystem\\Filesystem::Illuminate\\Filesystem\\{closure}()
#13 /var/www/vhosts/dazzling-edison.217-174-244-122.plesk.page/httpdocs/@core/vendor/laravel/framework/src/Illuminate/View/Engines/PhpEngine.php(58): Illuminate\\Filesystem\\Filesystem->getRequire()
#14 /var/www/vhosts/dazzling-edison.217-174-244-122.plesk.page/httpdocs/@core/vendor/laravel/framework/src/Illuminate/View/Engines/CompilerEngine.php(61): Illuminate\\View\\Engines\\PhpEngine->evaluatePath()
#15 /var/www/vhosts/dazzling-edison.217-174-244-122.plesk.page/httpdocs/@core/vendor/facade/ignition/src/Views/Engines/CompilerEngine.php(37): Illuminate\\View\\Engines\\CompilerEngine->get()
#16 /var/www/vhosts/dazzling-edison.217-174-244-122.plesk.page/httpdocs/@core/vendor/laravel/framework/src/Illuminate/View/View.php(139): Facade\\Ignition\\Views\\Engines\\CompilerEngine->get()
#17 /var/www/vhosts/dazzling-edison.217-174-244-122.plesk.page/httpdocs/@core/vendor/laravel/framework/src/Illuminate/View/View.php(122): Illuminate\\View\\View->getContents()
#18 /var/www/vhosts/dazzling-edison.217-174-244-122.plesk.page/httpdocs/@core/vendor/laravel/framework/src/Illuminate/View/View.php(91): Illuminate\\View\\View->renderContents()
#19 /var/www/vhosts/dazzling-edison.217-174-244-122.plesk.page/httpdocs/@core/vendor/laravel/framework/src/Illuminate/Http/Response.php(69): Illuminate\\View\\View->render()
#20 /var/www/vhosts/dazzling-edison.217-174-244-122.plesk.page/httpdocs/@core/vendor/laravel/framework/src/Illuminate/Http/Response.php(35): Illuminate\\Http\\Response->setContent()
#21 /var/www/vhosts/dazzling-edison.217-174-244-122.plesk.page/httpdocs/@core/vendor/laravel/framework/src/Illuminate/Routing/Router.php(820): Illuminate\\Http\\Response->__construct()
#22 /var/www/vhosts/dazzling-edison.217-174-244-122.plesk.page/httpdocs/@core/vendor/laravel/framework/src/Illuminate/Routing/Router.php(789): Illuminate\\Routing\\Router::toResponse()
#23 /var/www/vhosts/dazzling-edison.217-174-244-122.plesk.page/httpdocs/@core/vendor/laravel/framework/src/Illuminate/Routing/Router.php(721): Illuminate\\Routing\\Router->prepareResponse()
#24 /var/www/vhosts/dazzling-edison.217-174-244-122.plesk.page/httpdocs/@core/vendor/laravel/framework/src/Illuminate/Pipeline/Pipeline.php(128): Illuminate\\Routing\\Router->Illuminate\\Routing\\{closure}()
#25 /var/www/vhosts/dazzling-edison.217-174-244-122.plesk.page/httpdocs/@core/app/Http/Middleware/GlobalVariableMiddleware.php(92): Illuminate\\Pipeline\\Pipeline->Illuminate\\Pipeline\\{closure}()
#26 /var/www/vhosts/dazzling-edison.217-174-244-122.plesk.page/httpdocs/@core/vendor/laravel/framework/src/Illuminate/Pipeline/Pipeline.php(167): App\\Http\\Middleware\\GlobalVariableMiddleware->handle()
#27 /var/www/vhosts/dazzling-edison.217-174-244-122.plesk.page/httpdocs/@core/app/Http/Middleware/SetLang.php(28): Illuminate\\Pipeline\\Pipeline->Illuminate\\Pipeline\\{closure}()
#28 /var/www/vhosts/dazzling-edison.217-174-244-122.plesk.page/httpdocs/@core/vendor/laravel/framework/src/Illuminate/Pipeline/Pipeline.php(167): App\\Http\\Middleware\\SetLang->handle()
#29 /var/www/vhosts/dazzling-edison.217-174-244-122.plesk.page/httpdocs/@core/app/Http/Middleware/UserEmailVerify.php(21): Illuminate\\Pipeline\\Pipeline->Illuminate\\Pipeline\\{closure}()
#30 /var/www/vhosts/dazzling-edison.217-174-244-122.plesk.page/httpdocs/@core/vendor/laravel/framework/src/Illuminate/Pipeline/Pipeline.php(167): App\\Http\\Middleware\\UserEmailVerify->handle()
#31 /var/www/vhosts/dazzling-edison.217-174-244-122.plesk.page/httpdocs/@core/app/Http/Middleware/BuyerCheck.php(23): Illuminate\\Pipeline\\Pipeline->Illuminate\\Pipeline\\{closure}()
#32 /var/www/vhosts/dazzling-edison.217-174-244-122.plesk.page/httpdocs/@core/vendor/laravel/framework/src/Illuminate/Pipeline/Pipeline.php(167): App\\Http\\Middleware\\BuyerCheck->handle()
#33 /var/www/vhosts/dazzling-edison.217-174-244-122.plesk.page/httpdocs/@core/app/Http/Middleware/InactiveUser.php(24): Illuminate\\Pipeline\\Pipeline->Illuminate\\Pipeline\\{closure}()
#34 /var/www/vhosts/dazzling-edison.217-174-244-122.plesk.page/httpdocs/@core/vendor/laravel/framework/src/Illuminate/Pipeline/Pipeline.php(167): App\\Http\\Middleware\\InactiveUser->handle()
#35 /var/www/vhosts/dazzling-edison.217-174-244-122.plesk.page/httpdocs/@core/vendor/laravel/framework/src/Illuminate/Routing/Middleware/SubstituteBindings.php(50): Illuminate\\Pipeline\\Pipeline->Illuminate\\Pipeline\\{closure}()
#36 /var/www/vhosts/dazzling-edison.217-174-244-122.plesk.page/httpdocs/@core/vendor/laravel/framework/src/Illuminate/Pipeline/Pipeline.php(167): Illuminate\\Routing\\Middleware\\SubstituteBindings->handle()
#37 /var/www/vhosts/dazzling-edison.217-174-244-122.plesk.page/httpdocs/@core/vendor/laravel/framework/src/Illuminate/Foundation/Http/Middleware/VerifyCsrfToken.php(78): Illuminate\\Pipeline\\Pipeline->Illuminate\\Pipeline\\{closure}()
#38 /var/www/vhosts/dazzling-edison.217-174-244-122.plesk.page/httpdocs/@core/vendor/laravel/framework/src/Illuminate/Pipeline/Pipeline.php(167): Illuminate\\Foundation\\Http\\Middleware\\VerifyCsrfToken->handle()
#39 /var/www/vhosts/dazzling-edison.217-174-244-122.plesk.page/httpdocs/@core/vendor/laravel/framework/src/Illuminate/Session/Middleware/AuthenticateSession.php(58): Illuminate\\Pipeline\\Pipeline->Illuminate\\Pipeline\\{closure}()
#40 /var/www/vhosts/dazzling-edison.217-174-244-122.plesk.page/httpdocs/@core/vendor/laravel/framework/src/Illuminate/Pipeline/Pipeline.php(167): Illuminate\\Session\\Middleware\\AuthenticateSession->handle()
#41 /var/www/vhosts/dazzling-edison.217-174-244-122.plesk.page/httpdocs/@core/vendor/laravel/framework/src/Illuminate/Auth/Middleware/Authenticate.php(44): Illuminate\\Pipeline\\Pipeline->Illuminate\\Pipeline\\{closure}()
#42 /var/www/vhosts/dazzling-edison.217-174-244-122.plesk.page/httpdocs/@core/vendor/laravel/framework/src/Illuminate/Pipeline/Pipeline.php(167): Illuminate\\Auth\\Middleware\\Authenticate->handle()
#43 /var/www/vhosts/dazzling-edison.217-174-244-122.plesk.page/httpdocs/@core/vendor/laravel/framework/src/Illuminate/View/Middleware/ShareErrorsFromSession.php(49): Illuminate\\Pipeline\\Pipeline->Illuminate\\Pipeline\\{closure}()
#44 /var/www/vhosts/dazzling-edison.217-174-244-122.plesk.page/httpdocs/@core/vendor/laravel/framework/src/Illuminate/Pipeline/Pipeline.php(167): Illuminate\\View\\Middleware\\ShareErrorsFromSession->handle()
#45 /var/www/vhosts/dazzling-edison.217-174-244-122.plesk.page/httpdocs/@core/vendor/laravel/framework/src/Illuminate/Session/Middleware/StartSession.php(121): Illuminate\\Pipeline\\Pipeline->Illuminate\\Pipeline\\{closure}()
#46 /var/www/vhosts/dazzling-edison.217-174-244-122.plesk.page/httpdocs/@core/vendor/laravel/framework/src/Illuminate/Session/Middleware/StartSession.php(64): Illuminate\\Session\\Middleware\\StartSession->handleStatefulRequest()
#47 /var/www/vhosts/dazzling-edison.217-174-244-122.plesk.page/httpdocs/@core/vendor/laravel/framework/src/Illuminate/Pipeline/Pipeline.php(167): Illuminate\\Session\\Middleware\\StartSession->handle()
#48 /var/www/vhosts/dazzling-edison.217-174-244-122.plesk.page/httpdocs/@core/vendor/laravel/framework/src/Illuminate/Cookie/Middleware/AddQueuedCookiesToResponse.php(37): Illuminate\\Pipeline\\Pipeline->Illuminate\\Pipeline\\{closure}()
#49 /var/www/vhosts/dazzling-edison.217-174-244-122.plesk.page/httpdocs/@core/vendor/laravel/framework/src/Illuminate/Pipeline/Pipeline.php(167): Illuminate\\Cookie\\Middleware\\AddQueuedCookiesToResponse->handle()
#50 /var/www/vhosts/dazzling-edison.217-174-244-122.plesk.page/httpdocs/@core/vendor/laravel/framework/src/Illuminate/Cookie/Middleware/EncryptCookies.php(67): Illuminate\\Pipeline\\Pipeline->Illuminate\\Pipeline\\{closure}()
#51 /var/www/vhosts/dazzling-edison.217-174-244-122.plesk.page/httpdocs/@core/vendor/laravel/framework/src/Illuminate/Pipeline/Pipeline.php(167): Illuminate\\Cookie\\Middleware\\EncryptCookies->handle()
#52 /var/www/vhosts/dazzling-edison.217-174-244-122.plesk.page/httpdocs/@core/vendor/laravel/framework/src/Illuminate/Pipeline/Pipeline.php(103): Illuminate\\Pipeline\\Pipeline->Illuminate\\Pipeline\\{closure}()
#53 /var/www/vhosts/dazzling-edison.217-174-244-122.plesk.page/httpdocs/@core/vendor/laravel/framework/src/Illuminate/Routing/Router.php(723): Illuminate\\Pipeline\\Pipeline->then()
#54 /var/www/vhosts/dazzling-edison.217-174-244-122.plesk.page/httpdocs/@core/vendor/laravel/framework/src/Illuminate/Routing/Router.php(698): Illuminate\\Routing\\Router->runRouteWithinStack()
#55 /var/www/vhosts/dazzling-edison.217-174-244-122.plesk.page/httpdocs/@core/vendor/laravel/framework/src/Illuminate/Routing/Router.php(662): Illuminate\\Routing\\Router->runRoute()
#56 /var/www/vhosts/dazzling-edison.217-174-244-122.plesk.page/httpdocs/@core/vendor/laravel/framework/src/Illuminate/Routing/Router.php(651): Illuminate\\Routing\\Router->dispatchToRoute()
#57 /var/www/vhosts/dazzling-edison.217-174-244-122.plesk.page/httpdocs/@core/vendor/laravel/framework/src/Illuminate/Foundation/Http/Kernel.php(167): Illuminate\\Routing\\Router->dispatch()
#58 /var/www/vhosts/dazzling-edison.217-174-244-122.plesk.page/httpdocs/@core/vendor/laravel/framework/src/Illuminate/Pipeline/Pipeline.php(128): Illuminate\\Foundation\\Http\\Kernel->Illuminate\\Foundation\\Http\\{closure}()
#59 /var/www/vhosts/dazzling-edison.217-174-244-122.plesk.page/httpdocs/@core/vendor/laravel/framework/src/Illuminate/Foundation/Http/Middleware/TransformsRequest.php(21): Illuminate\\Pipeline\\Pipeline->Illuminate\\Pipeline\\{closure}()
#60 /var/www/vhosts/dazzling-edison.217-174-244-122.plesk.page/httpdocs/@core/vendor/laravel/framework/src/Illuminate/Foundation/Http/Middleware/ConvertEmptyStringsToNull.php(31): Illuminate\\Foundation\\Http\\Middleware\\TransformsRequest->handle()
#61 /var/www/vhosts/dazzling-edison.217-174-244-122.plesk.page/httpdocs/@core/vendor/laravel/framework/src/Illuminate/Pipeline/Pipeline.php(167): Illuminate\\Foundation\\Http\\Middleware\\ConvertEmptyStringsToNull->handle()
#62 /var/www/vhosts/dazzling-edison.217-174-244-122.plesk.page/httpdocs/@core/vendor/laravel/framework/src/Illuminate/Foundation/Http/Middleware/TransformsRequest.php(21): Illuminate\\Pipeline\\Pipeline->Illuminate\\Pipeline\\{closure}()
#63 /var/www/vhosts/dazzling-edison.217-174-244-122.plesk.page/httpdocs/@core/vendor/laravel/framework/src/Illuminate/Foundation/Http/Middleware/TrimStrings.php(40): Illuminate\\Foundation\\Http\\Middleware\\TransformsRequest->handle()
#64 /var/www/vhosts/dazzling-edison.217-174-244-122.plesk.page/httpdocs/@core/vendor/laravel/framework/src/Illuminate/Pipeline/Pipeline.php(167): Illuminate\\Foundation\\Http\\Middleware\\TrimStrings->handle()
#65 /var/www/vhosts/dazzling-edison.217-174-244-122.plesk.page/httpdocs/@core/vendor/laravel/framework/src/Illuminate/Foundation/Http/Middleware/ValidatePostSize.php(27): Illuminate\\Pipeline\\Pipeline->Illuminate\\Pipeline\\{closure}()
#66 /var/www/vhosts/dazzling-edison.217-174-244-122.plesk.page/httpdocs/@core/vendor/laravel/framework/src/Illuminate/Pipeline/Pipeline.php(167): Illuminate\\Foundation\\Http\\Middleware\\ValidatePostSize->handle()
#67 /var/www/vhosts/dazzling-edison.217-174-244-122.plesk.page/httpdocs/@core/vendor/laravel/framework/src/Illuminate/Foundation/Http/Middleware/PreventRequestsDuringMaintenance.php(86): Illuminate\\Pipeline\\Pipeline->Illuminate\\Pipeline\\{closure}()
#68 /var/www/vhosts/dazzling-edison.217-174-244-122.plesk.page/httpdocs/@core/vendor/laravel/framework/src/Illuminate/Pipeline/Pipeline.php(167): Illuminate\\Foundation\\Http\\Middleware\\PreventRequestsDuringMaintenance->handle()
#69 /var/www/vhosts/dazzling-edison.217-174-244-122.plesk.page/httpdocs/@core/vendor/fideloper/proxy/src/TrustProxies.php(57): Illuminate\\Pipeline\\Pipeline->Illuminate\\Pipeline\\{closure}()
#70 /var/www/vhosts/dazzling-edison.217-174-244-122.plesk.page/httpdocs/@core/vendor/laravel/framework/src/Illuminate/Pipeline/Pipeline.php(167): Fideloper\\Proxy\\TrustProxies->handle()
#71 /var/www/vhosts/dazzling-edison.217-174-244-122.plesk.page/httpdocs/@core/vendor/laravel/framework/src/Illuminate/Pipeline/Pipeline.php(103): Illuminate\\Pipeline\\Pipeline->Illuminate\\Pipeline\\{closure}()
#72 /var/www/vhosts/dazzling-edison.217-174-244-122.plesk.page/httpdocs/@core/vendor/laravel/framework/src/Illuminate/Foundation/Http/Kernel.php(142): Illuminate\\Pipeline\\Pipeline->then()
#73 /var/www/vhosts/dazzling-edison.217-174-244-122.plesk.page/httpdocs/@core/vendor/laravel/framework/src/Illuminate/Foundation/Http/Kernel.php(111): Illuminate\\Foundation\\Http\\Kernel->sendRequestThroughRouter()
#74 /var/www/vhosts/dazzling-edison.217-174-244-122.plesk.page/httpdocs/index.php(72): Illuminate\\Foundation\\Http\\Kernel->handle()
#75 {main}

[previous exception] [object] (Symfony\\Component\\Routing\\Exception\\RouteNotFoundException(code: 0): Route [seller.timings] not defined. at /var/www/vhosts/dazzling-edison.217-174-244-122.plesk.page/httpdocs/@core/vendor/laravel/framework/src/Illuminate/Routing/UrlGenerator.php:444)
[stacktrace]
#0 /var/www/vhosts/dazzling-edison.217-174-244-122.plesk.page/httpdocs/@core/vendor/laravel/framework/src/Illuminate/Foundation/helpers.php(739): Illuminate\\Routing\\UrlGenerator->route()
#1 /var/www/vhosts/dazzling-edison.217-174-244-122.plesk.page/httpdocs/@core/storage/framework/views/f8338dbc88efb95faecdc4b16bb0e0b2fb221ba9.php(54): route()
#2 /var/www/vhosts/dazzling-edison.217-174-244-122.plesk.page/httpdocs/@core/vendor/laravel/framework/src/Illuminate/Filesystem/Filesystem.php(107): require('...')
#3 /var/www/vhosts/dazzling-edison.217-174-244-122.plesk.page/httpdocs/@core/vendor/laravel/framework/src/Illuminate/Filesystem/Filesystem.php(108): Illuminate\\Filesystem\\Filesystem::Illuminate\\Filesystem\\{closure}()
#4 /var/www/vhosts/dazzling-edison.217-174-244-122.plesk.page/httpdocs/@core/vendor/laravel/framework/src/Illuminate/View/Engines/PhpEngine.php(58): Illuminate\\Filesystem\\Filesystem->getRequire()
#5 /var/www/vhosts/dazzling-edison.217-174-244-122.plesk.page/httpdocs/@core/vendor/laravel/framework/src/Illuminate/View/Engines/CompilerEngine.php(61): Illuminate\\View\\Engines\\PhpEngine->evaluatePath()
#6 /var/www/vhosts/dazzling-edison.217-174-244-122.plesk.page/httpdocs/@core/vendor/facade/ignition/src/Views/Engines/CompilerEngine.php(37): Illuminate\\View\\Engines\\CompilerEngine->get()
#7 /var/www/vhosts/dazzling-edison.217-174-244-122.plesk.page/httpdocs/@core/vendor/laravel/framework/src/Illuminate/View/View.php(139): Facade\\Ignition\\Views\\Engines\\CompilerEngine->get()
#8 /var/www/vhosts/dazzling-edison.217-174-244-122.plesk.page/httpdocs/@core/vendor/laravel/framework/src/Illuminate/View/View.php(122): Illuminate\\View\\View->getContents()
#9 /var/www/vhosts/dazzling-edison.217-174-244-122.plesk.page/httpdocs/@core/vendor/laravel/framework/src/Illuminate/View/View.php(91): Illuminate\\View\\View->renderContents()
#10 /var/www/vhosts/dazzling-edison.217-174-244-122.plesk.page/httpdocs/@core/storage/framework/views/960362c5990c8030e560629292ba20c30283001c.php(31): Illuminate\\View\\View->render()
#11 /var/www/vhosts/dazzling-edison.217-174-244-122.plesk.page/httpdocs/@core/vendor/laravel/framework/src/Illuminate/Filesystem/Filesystem.php(107): require('...')
#12 /var/www/vhosts/dazzling-edison.217-174-244-122.plesk.page/httpdocs/@core/vendor/laravel/framework/src/Illuminate/Filesystem/Filesystem.php(108): Illuminate\\Filesystem\\Filesystem::Illuminate\\Filesystem\\{closure}()
#13 /var/www/vhosts/dazzling-edison.217-174-244-122.plesk.page/httpdocs/@core/vendor/laravel/framework/src/Illuminate/View/Engines/PhpEngine.php(58): Illuminate\\Filesystem\\Filesystem->getRequire()
#14 /var/www/vhosts/dazzling-edison.217-174-244-122.plesk.page/httpdocs/@core/vendor/laravel/framework/src/Illuminate/View/Engines/CompilerEngine.php(61): Illuminate\\View\\Engines\\PhpEngine->evaluatePath()
#15 /var/www/vhosts/dazzling-edison.217-174-244-122.plesk.page/httpdocs/@core/vendor/facade/ignition/src/Views/Engines/CompilerEngine.php(37): Illuminate\\View\\Engines\\CompilerEngine->get()
#16 /var/www/vhosts/dazzling-edison.217-174-244-122.plesk.page/httpdocs/@core/vendor/laravel/framework/src/Illuminate/View/View.php(139): Facade\\Ignition\\Views\\Engines\\CompilerEngine->get()
#17 /var/www/vhosts/dazzling-edison.217-174-244-122.plesk.page/httpdocs/@core/vendor/laravel/framework/src/Illuminate/View/View.php(122): Illuminate\\View\\View->getContents()
#18 /var/www/vhosts/dazzling-edison.217-174-244-122.plesk.page/httpdocs/@core/vendor/laravel/framework/src/Illuminate/View/View.php(91): Illuminate\\View\\View->renderContents()
#19 /var/www/vhosts/dazzling-edison.217-174-244-122.plesk.page/httpdocs/@core/vendor/laravel/framework/src/Illuminate/Http/Response.php(69): Illuminate\\View\\View->render()
#20 /var/www/vhosts/dazzling-edison.217-174-244-122.plesk.page/httpdocs/@core/vendor/laravel/framework/src/Illuminate/Http/Response.php(35): Illuminate\\Http\\Response->setContent()
#21 /var/www/vhosts/dazzling-edison.217-174-244-122.plesk.page/httpdocs/@core/vendor/laravel/framework/src/Illuminate/Routing/Router.php(820): Illuminate\\Http\\Response->__construct()
#22 /var/www/vhosts/dazzling-edison.217-174-244-122.plesk.page/httpdocs/@core/vendor/laravel/framework/src/Illuminate/Routing/Router.php(789): Illuminate\\Routing\\Router::toResponse()
#23 /var/www/vhosts/dazzling-edison.217-174-244-122.plesk.page/httpdocs/@core/vendor/laravel/framework/src/Illuminate/Routing/Router.php(721): Illuminate\\Routing\\Router->prepareResponse()
#24 /var/www/vhosts/dazzling-edison.217-174-244-122.plesk.page/httpdocs/@core/vendor/laravel/framework/src/Illuminate/Pipeline/Pipeline.php(128): Illuminate\\Routing\\Router->Illuminate\\Routing\\{closure}()
#25 /var/www/vhosts/dazzling-edison.217-174-244-122.plesk.page/httpdocs/@core/app/Http/Middleware/GlobalVariableMiddleware.php(92): Illuminate\\Pipeline\\Pipeline->Illuminate\\Pipeline\\{closure}()
#26 /var/www/vhosts/dazzling-edison.217-174-244-122.plesk.page/httpdocs/@core/vendor/laravel/framework/src/Illuminate/Pipeline/Pipeline.php(167): App\\Http\\Middleware\\GlobalVariableMiddleware->handle()
#27 /var/www/vhosts/dazzling-edison.217-174-244-122.plesk.page/httpdocs/@core/app/Http/Middleware/SetLang.php(28): Illuminate\\Pipeline\\Pipeline->Illuminate\\Pipeline\\{closure}()
#28 /var/www/vhosts/dazzling-edison.217-174-244-122.plesk.page/httpdocs/@core/vendor/laravel/framework/src/Illuminate/Pipeline/Pipeline.php(167): App\\Http\\Middleware\\SetLang->handle()
#29 /var/www/vhosts/dazzling-edison.217-174-244-122.plesk.page/httpdocs/@core/app/Http/Middleware/UserEmailVerify.php(21): Illuminate\\Pipeline\\Pipeline->Illuminate\\Pipeline\\{closure}()
#30 /var/www/vhosts/dazzling-edison.217-174-244-122.plesk.page/httpdocs/@core/vendor/laravel/framework/src/Illuminate/Pipeline/Pipeline.php(167): App\\Http\\Middleware\\UserEmailVerify->handle()
#31 /var/www/vhosts/dazzling-edison.217-174-244-122.plesk.page/httpdocs/@core/app/Http/Middleware/BuyerCheck.php(23): Illuminate\\Pipeline\\Pipeline->Illuminate\\Pipeline\\{closure}()
#32 /var/www/vhosts/dazzling-edison.217-174-244-122.plesk.page/httpdocs/@core/vendor/laravel/framework/src/Illuminate/Pipeline/Pipeline.php(167): App\\Http\\Middleware\\BuyerCheck->handle()
#33 /var/www/vhosts/dazzling-edison.217-174-244-122.plesk.page/httpdocs/@core/app/Http/Middleware/InactiveUser.php(24): Illuminate\\Pipeline\\Pipeline->Illuminate\\Pipeline\\{closure}()
#34 /var/www/vhosts/dazzling-edison.217-174-244-122.plesk.page/httpdocs/@core/vendor/laravel/framework/src/Illuminate/Pipeline/Pipeline.php(167): App\\Http\\Middleware\\InactiveUser->handle()
#35 /var/www/vhosts/dazzling-edison.217-174-244-122.plesk.page/httpdocs/@core/vendor/laravel/framework/src/Illuminate/Routing/Middleware/SubstituteBindings.php(50): Illuminate\\Pipeline\\Pipeline->Illuminate\\Pipeline\\{closure}()
#36 /var/www/vhosts/dazzling-edison.217-174-244-122.plesk.page/httpdocs/@core/vendor/laravel/framework/src/Illuminate/Pipeline/Pipeline.php(167): Illuminate\\Routing\\Middleware\\SubstituteBindings->handle()
#37 /var/www/vhosts/dazzling-edison.217-174-244-122.plesk.page/httpdocs/@core/vendor/laravel/framework/src/Illuminate/Foundation/Http/Middleware/VerifyCsrfToken.php(78): Illuminate\\Pipeline\\Pipeline->Illuminate\\Pipeline\\{closure}()
#38 /var/www/vhosts/dazzling-edison.217-174-244-122.plesk.page/httpdocs/@core/vendor/laravel/framework/src/Illuminate/Pipeline/Pipeline.php(167): Illuminate\\Foundation\\Http\\Middleware\\VerifyCsrfToken->handle()
#39 /var/www/vhosts/dazzling-edison.217-174-244-122.plesk.page/httpdocs/@core/vendor/laravel/framework/src/Illuminate/Session/Middleware/AuthenticateSession.php(58): Illuminate\\Pipeline\\Pipeline->Illuminate\\Pipeline\\{closure}()
#40 /var/www/vhosts/dazzling-edison.217-174-244-122.plesk.page/httpdocs/@core/vendor/laravel/framework/src/Illuminate/Pipeline/Pipeline.php(167): Illuminate\\Session\\Middleware\\AuthenticateSession->handle()
#41 /var/www/vhosts/dazzling-edison.217-174-244-122.plesk.page/httpdocs/@core/vendor/laravel/framework/src/Illuminate/Auth/Middleware/Authenticate.php(44): Illuminate\\Pipeline\\Pipeline->Illuminate\\Pipeline\\{closure}()
#42 /var/www/vhosts/dazzling-edison.217-174-244-122.plesk.page/httpdocs/@core/vendor/laravel/framework/src/Illuminate/Pipeline/Pipeline.php(167): Illuminate\\Auth\\Middleware\\Authenticate->handle()
#43 /var/www/vhosts/dazzling-edison.217-174-244-122.plesk.page/httpdocs/@core/vendor/laravel/framework/src/Illuminate/View/Middleware/ShareErrorsFromSession.php(49): Illuminate\\Pipeline\\Pipeline->Illuminate\\Pipeline\\{closure}()
#44 /var/www/vhosts/dazzling-edison.217-174-244-122.plesk.page/httpdocs/@core/vendor/laravel/framework/src/Illuminate/Pipeline/Pipeline.php(167): Illuminate\\View\\Middleware\\ShareErrorsFromSession->handle()
#45 /var/www/vhosts/dazzling-edison.217-174-244-122.plesk.page/httpdocs/@core/vendor/laravel/framework/src/Illuminate/Session/Middleware/StartSession.php(121): Illuminate\\Pipeline\\Pipeline->Illuminate\\Pipeline\\{closure}()
#46 /var/www/vhosts/dazzling-edison.217-174-244-122.plesk.page/httpdocs/@core/vendor/laravel/framework/src/Illuminate/Session/Middleware/StartSession.php(64): Illuminate\\Session\\Middleware\\StartSession->handleStatefulRequest()
#47 /var/www/vhosts/dazzling-edison.217-174-244-122.plesk.page/httpdocs/@core/vendor/laravel/framework/src/Illuminate/Pipeline/Pipeline.php(167): Illuminate\\Session\\Middleware\\StartSession->handle()
#48 /var/www/vhosts/dazzling-edison.217-174-244-122.plesk.page/httpdocs/@core/vendor/laravel/framework/src/Illuminate/Cookie/Middleware/AddQueuedCookiesToResponse.php(37): Illuminate\\Pipeline\\Pipeline->Illuminate\\Pipeline\\{closure}()
#49 /var/www/vhosts/dazzling-edison.217-174-244-122.plesk.page/httpdocs/@core/vendor/laravel/framework/src/Illuminate/Pipeline/Pipeline.php(167): Illuminate\\Cookie\\Middleware\\AddQueuedCookiesToResponse->handle()
#50 /var/www/vhosts/dazzling-edison.217-174-244-122.plesk.page/httpdocs/@core/vendor/laravel/framework/src/Illuminate/Cookie/Middleware/EncryptCookies.php(67): Illuminate\\Pipeline\\Pipeline->Illuminate\\Pipeline\\{closure}()
#51 /var/www/vhosts/dazzling-edison.217-174-244-122.plesk.page/httpdocs/@core/vendor/laravel/framework/src/Illuminate/Pipeline/Pipeline.php(167): Illuminate\\Cookie\\Middleware\\EncryptCookies->handle()
#52 /var/www/vhosts/dazzling-edison.217-174-244-122.plesk.page/httpdocs/@core/vendor/laravel/framework/src/Illuminate/Pipeline/Pipeline.php(103): Illuminate\\Pipeline\\Pipeline->Illuminate\\Pipeline\\{closure}()
#53 /var/www/vhosts/dazzling-edison.217-174-244-122.plesk.page/httpdocs/@core/vendor/laravel/framework/src/Illuminate/Routing/Router.php(723): Illuminate\\Pipeline\\Pipeline->then()
#54 /var/www/vhosts/dazzling-edison.217-174-244-122.plesk.page/httpdocs/@core/vendor/laravel/framework/src/Illuminate/Routing/Router.php(698): Illuminate\\Routing\\Router->runRouteWithinStack()
#55 /var/www/vhosts/dazzling-edison.217-174-244-122.plesk.page/httpdocs/@core/vendor/laravel/framework/src/Illuminate/Routing/Router.php(662): Illuminate\\Routing\\Router->runRoute()
#56 /var/www/vhosts/dazzling-edison.217-174-244-122.plesk.page/httpdocs/@core/vendor/laravel/framework/src/Illuminate/Routing/Router.php(651): Illuminate\\Routing\\Router->dispatchToRoute()
#57 /var/www/vhosts/dazzling-edison.217-174-244-122.plesk.page/httpdocs/@core/vendor/laravel/framework/src/Illuminate/Foundation/Http/Kernel.php(167): Illuminate\\Routing\\Router->dispatch()
#58 /var/www/vhosts/dazzling-edison.217-174-244-122.plesk.page/httpdocs/@core/vendor/laravel/framework/src/Illuminate/Pipeline/Pipeline.php(128): Illuminate\\Foundation\\Http\\Kernel->Illuminate\\Foundation\\Http\\{closure}()
#59 /var/www/vhosts/dazzling-edison.217-174-244-122.plesk.page/httpdocs/@core/vendor/laravel/framework/src/Illuminate/Foundation/Http/Middleware/TransformsRequest.php(21): Illuminate\\Pipeline\\Pipeline->Illuminate\\Pipeline\\{closure}()
#60 /var/www/vhosts/dazzling-edison.217-174-244-122.plesk.page/httpdocs/@core/vendor/laravel/framework/src/Illuminate/Foundation/Http/Middleware/ConvertEmptyStringsToNull.php(31): Illuminate\\Foundation\\Http\\Middleware\\TransformsRequest->handle()
#61 /var/www/vhosts/dazzling-edison.217-174-244-122.plesk.page/httpdocs/@core/vendor/laravel/framework/src/Illuminate/Pipeline/Pipeline.php(167): Illuminate\\Foundation\\Http\\Middleware\\ConvertEmptyStringsToNull->handle()
#62 /var/www/vhosts/dazzling-edison.217-174-244-122.plesk.page/httpdocs/@core/vendor/laravel/framework/src/Illuminate/Foundation/Http/Middleware/TransformsRequest.php(21): Illuminate\\Pipeline\\Pipeline->Illuminate\\Pipeline\\{closure}()
#63 /var/www/vhosts/dazzling-edison.217-174-244-122.plesk.page/httpdocs/@core/vendor/laravel/framework/src/Illuminate/Foundation/Http/Middleware/TrimStrings.php(40): Illuminate\\Foundation\\Http\\Middleware\\TransformsRequest->handle()
#64 /var/www/vhosts/dazzling-edison.217-174-244-122.plesk.page/httpdocs/@core/vendor/laravel/framework/src/Illuminate/Pipeline/Pipeline.php(167): Illuminate\\Foundation\\Http\\Middleware\\TrimStrings->handle()
#65 /var/www/vhosts/dazzling-edison.217-174-244-122.plesk.page/httpdocs/@core/vendor/laravel/framework/src/Illuminate/Foundation/Http/Middleware/ValidatePostSize.php(27): Illuminate\\Pipeline\\Pipeline->Illuminate\\Pipeline\\{closure}()
#66 /var/www/vhosts/dazzling-edison.217-174-244-122.plesk.page/httpdocs/@core/vendor/laravel/framework/src/Illuminate/Pipeline/Pipeline.php(167): Illuminate\\Foundation\\Http\\Middleware\\ValidatePostSize->handle()
#67 /var/www/vhosts/dazzling-edison.217-174-244-122.plesk.page/httpdocs/@core/vendor/laravel/framework/src/Illuminate/Foundation/Http/Middleware/PreventRequestsDuringMaintenance.php(86): Illuminate\\Pipeline\\Pipeline->Illuminate\\Pipeline\\{closure}()
#68 /var/www/vhosts/dazzling-edison.217-174-244-122.plesk.page/httpdocs/@core/vendor/laravel/framework/src/Illuminate/Pipeline/Pipeline.php(167): Illuminate\\Foundation\\Http\\Middleware\\PreventRequestsDuringMaintenance->handle()
#69 /var/www/vhosts/dazzling-edison.217-174-244-122.plesk.page/httpdocs/@core/vendor/fideloper/proxy/src/TrustProxies.php(57): Illuminate\\Pipeline\\Pipeline->Illuminate\\Pipeline\\{closure}()
#70 /var/www/vhosts/dazzling-edison.217-174-244-122.plesk.page/httpdocs/@core/vendor/laravel/framework/src/Illuminate/Pipeline/Pipeline.php(167): Fideloper\\Proxy\\TrustProxies->handle()
#71 /var/www/vhosts/dazzling-edison.217-174-244-122.plesk.page/httpdocs/@core/vendor/laravel/framework/src/Illuminate/Pipeline/Pipeline.php(103): Illuminate\\Pipeline\\Pipeline->Illuminate\\Pipeline\\{closure}()
#72 /var/www/vhosts/dazzling-edison.217-174-244-122.plesk.page/httpdocs/@core/vendor/laravel/framework/src/Illuminate/Foundation/Http/Kernel.php(142): Illuminate\\Pipeline\\Pipeline->then()
#73 /var/www/vhosts/dazzling-edison.217-174-244-122.plesk.page/httpdocs/@core/vendor/laravel/framework/src/Illuminate/Foundation/Http/Kernel.php(111): Illuminate\\Foundation\\Http\\Kernel->sendRequestThroughRouter()
#74 /var/www/vhosts/dazzling-edison.217-174-244-122.plesk.page/httpdocs/index.php(72): Illuminate\\Foundation\\Http\\Kernel->handle()
#75 {main}
"} 
