[2023-07-13 12:16:42] local.ERROR: compact(): Undefined variable $query {"exception":"[object] (ErrorException(code: 0): compact(): Undefined variable $query at /var/www/vhosts/dazzling-edison.217-174-244-122.plesk.page/httpdocs/@core/app/Http/Controllers/FrontendController.php:497)
[stacktrace]
#0 [internal function]: Illuminate\\Foundation\\Bootstrap\\HandleExceptions->handleError()
#1 /var/www/vhosts/dazzling-edison.217-174-244-122.plesk.page/httpdocs/@core/app/Http/Controllers/FrontendController.php(497): compact()
#2 /var/www/vhosts/dazzling-edison.217-174-244-122.plesk.page/httpdocs/@core/vendor/laravel/framework/src/Illuminate/Routing/Controller.php(54): App\\Http\\Controllers\\FrontendController->home_search_single_page()
#3 /var/www/vhosts/dazzling-edison.217-174-244-122.plesk.page/httpdocs/@core/vendor/laravel/framework/src/Illuminate/Routing/ControllerDispatcher.php(45): Illuminate\\Routing\\Controller->callAction()
#4 /var/www/vhosts/dazzling-edison.217-174-244-122.plesk.page/httpdocs/@core/vendor/laravel/framework/src/Illuminate/Routing/Route.php(262): Illuminate\\Routing\\ControllerDispatcher->dispatch()
#5 /var/www/vhosts/dazzling-edison.217-174-244-122.plesk.page/httpdocs/@core/vendor/laravel/framework/src/Illuminate/Routing/Route.php(205): Illuminate\\Routing\\Route->runController()
#6 /var/www/vhosts/dazzling-edison.217-174-244-122.plesk.page/httpdocs/@core/vendor/laravel/framework/src/Illuminate/Routing/Router.php(721): Illuminate\\Routing\\Route->run()
#7 /var/www/vhosts/dazzling-edison.217-174-244-122.plesk.page/httpdocs/@core/vendor/laravel/framework/src/Illuminate/Pipeline/Pipeline.php(128): Illuminate\\Routing\\Router->Illuminate\\Routing\\{closure}()
#8 /var/www/vhosts/dazzling-edison.217-174-244-122.plesk.page/httpdocs/@core/app/Http/Middleware/SetLang.php(28): Illuminate\\Pipeline\\Pipeline->Illuminate\\Pipeline\\{closure}()
#9 /var/www/vhosts/dazzling-edison.217-174-244-122.plesk.page/httpdocs/@core/vendor/laravel/framework/src/Illuminate/Pipeline/Pipeline.php(167): App\\Http\\Middleware\\SetLang->handle()
#10 /var/www/vhosts/dazzling-edison.217-174-244-122.plesk.page/httpdocs/@core/app/Http/Middleware/MaintainsMode.php(22): Illuminate\\Pipeline\\Pipeline->Illuminate\\Pipeline\\{closure}()
#11 /var/www/vhosts/dazzling-edison.217-174-244-122.plesk.page/httpdocs/@core/vendor/laravel/framework/src/Illuminate/Pipeline/Pipeline.php(167): App\\Http\\Middleware\\MaintainsMode->handle()
#12 /var/www/vhosts/dazzling-edison.217-174-244-122.plesk.page/httpdocs/@core/app/Http/Middleware/GlobalVariableMiddleware.php(92): Illuminate\\Pipeline\\Pipeline->Illuminate\\Pipeline\\{closure}()
#13 /var/www/vhosts/dazzling-edison.217-174-244-122.plesk.page/httpdocs/@core/vendor/laravel/framework/src/Illuminate/Pipeline/Pipeline.php(167): App\\Http\\Middleware\\GlobalVariableMiddleware->handle()
#14 /var/www/vhosts/dazzling-edison.217-174-244-122.plesk.page/httpdocs/@core/vendor/laravel/framework/src/Illuminate/Routing/Middleware/SubstituteBindings.php(50): Illuminate\\Pipeline\\Pipeline->Illuminate\\Pipeline\\{closure}()
#15 /var/www/vhosts/dazzling-edison.217-174-244-122.plesk.page/httpdocs/@core/vendor/laravel/framework/src/Illuminate/Pipeline/Pipeline.php(167): Illuminate\\Routing\\Middleware\\SubstituteBindings->handle()
#16 /var/www/vhosts/dazzling-edison.217-174-244-122.plesk.page/httpdocs/@core/vendor/laravel/framework/src/Illuminate/Foundation/Http/Middleware/VerifyCsrfToken.php(78): Illuminate\\Pipeline\\Pipeline->Illuminate\\Pipeline\\{closure}()
#17 /var/www/vhosts/dazzling-edison.217-174-244-122.plesk.page/httpdocs/@core/vendor/laravel/framework/src/Illuminate/Pipeline/Pipeline.php(167): Illuminate\\Foundation\\Http\\Middleware\\VerifyCsrfToken->handle()
#18 /var/www/vhosts/dazzling-edison.217-174-244-122.plesk.page/httpdocs/@core/vendor/laravel/framework/src/Illuminate/Session/Middleware/AuthenticateSession.php(39): Illuminate\\Pipeline\\Pipeline->Illuminate\\Pipeline\\{closure}()
#19 /var/www/vhosts/dazzling-edison.217-174-244-122.plesk.page/httpdocs/@core/vendor/laravel/framework/src/Illuminate/Pipeline/Pipeline.php(167): Illuminate\\Session\\Middleware\\AuthenticateSession->handle()
#20 /var/www/vhosts/dazzling-edison.217-174-244-122.plesk.page/httpdocs/@core/vendor/laravel/framework/src/Illuminate/View/Middleware/ShareErrorsFromSession.php(49): Illuminate\\Pipeline\\Pipeline->Illuminate\\Pipeline\\{closure}()
#21 /var/www/vhosts/dazzling-edison.217-174-244-122.plesk.page/httpdocs/@core/vendor/laravel/framework/src/Illuminate/Pipeline/Pipeline.php(167): Illuminate\\View\\Middleware\\ShareErrorsFromSession->handle()
#22 /var/www/vhosts/dazzling-edison.217-174-244-122.plesk.page/httpdocs/@core/vendor/laravel/framework/src/Illuminate/Session/Middleware/StartSession.php(121): Illuminate\\Pipeline\\Pipeline->Illuminate\\Pipeline\\{closure}()
#23 /var/www/vhosts/dazzling-edison.217-174-244-122.plesk.page/httpdocs/@core/vendor/laravel/framework/src/Illuminate/Session/Middleware/StartSession.php(64): Illuminate\\Session\\Middleware\\StartSession->handleStatefulRequest()
#24 /var/www/vhosts/dazzling-edison.217-174-244-122.plesk.page/httpdocs/@core/vendor/laravel/framework/src/Illuminate/Pipeline/Pipeline.php(167): Illuminate\\Session\\Middleware\\StartSession->handle()
#25 /var/www/vhosts/dazzling-edison.217-174-244-122.plesk.page/httpdocs/@core/vendor/laravel/framework/src/Illuminate/Cookie/Middleware/AddQueuedCookiesToResponse.php(37): Illuminate\\Pipeline\\Pipeline->Illuminate\\Pipeline\\{closure}()
#26 /var/www/vhosts/dazzling-edison.217-174-244-122.plesk.page/httpdocs/@core/vendor/laravel/framework/src/Illuminate/Pipeline/Pipeline.php(167): Illuminate\\Cookie\\Middleware\\AddQueuedCookiesToResponse->handle()
#27 /var/www/vhosts/dazzling-edison.217-174-244-122.plesk.page/httpdocs/@core/vendor/laravel/framework/src/Illuminate/Cookie/Middleware/EncryptCookies.php(67): Illuminate\\Pipeline\\Pipeline->Illuminate\\Pipeline\\{closure}()
#28 /var/www/vhosts/dazzling-edison.217-174-244-122.plesk.page/httpdocs/@core/vendor/laravel/framework/src/Illuminate/Pipeline/Pipeline.php(167): Illuminate\\Cookie\\Middleware\\EncryptCookies->handle()
#29 /var/www/vhosts/dazzling-edison.217-174-244-122.plesk.page/httpdocs/@core/vendor/laravel/framework/src/Illuminate/Pipeline/Pipeline.php(103): Illuminate\\Pipeline\\Pipeline->Illuminate\\Pipeline\\{closure}()
#30 /var/www/vhosts/dazzling-edison.217-174-244-122.plesk.page/httpdocs/@core/vendor/laravel/framework/src/Illuminate/Routing/Router.php(723): Illuminate\\Pipeline\\Pipeline->then()
#31 /var/www/vhosts/dazzling-edison.217-174-244-122.plesk.page/httpdocs/@core/vendor/laravel/framework/src/Illuminate/Routing/Router.php(698): Illuminate\\Routing\\Router->runRouteWithinStack()
#32 /var/www/vhosts/dazzling-edison.217-174-244-122.plesk.page/httpdocs/@core/vendor/laravel/framework/src/Illuminate/Routing/Router.php(662): Illuminate\\Routing\\Router->runRoute()
#33 /var/www/vhosts/dazzling-edison.217-174-244-122.plesk.page/httpdocs/@core/vendor/laravel/framework/src/Illuminate/Routing/Router.php(651): Illuminate\\Routing\\Router->dispatchToRoute()
#34 /var/www/vhosts/dazzling-edison.217-174-244-122.plesk.page/httpdocs/@core/vendor/laravel/framework/src/Illuminate/Foundation/Http/Kernel.php(167): Illuminate\\Routing\\Router->dispatch()
#35 /var/www/vhosts/dazzling-edison.217-174-244-122.plesk.page/httpdocs/@core/vendor/laravel/framework/src/Illuminate/Pipeline/Pipeline.php(128): Illuminate\\Foundation\\Http\\Kernel->Illuminate\\Foundation\\Http\\{closure}()
#36 /var/www/vhosts/dazzling-edison.217-174-244-122.plesk.page/httpdocs/@core/vendor/laravel/framework/src/Illuminate/Foundation/Http/Middleware/TransformsRequest.php(21): Illuminate\\Pipeline\\Pipeline->Illuminate\\Pipeline\\{closure}()
#37 /var/www/vhosts/dazzling-edison.217-174-244-122.plesk.page/httpdocs/@core/vendor/laravel/framework/src/Illuminate/Foundation/Http/Middleware/ConvertEmptyStringsToNull.php(31): Illuminate\\Foundation\\Http\\Middleware\\TransformsRequest->handle()
#38 /var/www/vhosts/dazzling-edison.217-174-244-122.plesk.page/httpdocs/@core/vendor/laravel/framework/src/Illuminate/Pipeline/Pipeline.php(167): Illuminate\\Foundation\\Http\\Middleware\\ConvertEmptyStringsToNull->handle()
#39 /var/www/vhosts/dazzling-edison.217-174-244-122.plesk.page/httpdocs/@core/vendor/laravel/framework/src/Illuminate/Foundation/Http/Middleware/TransformsRequest.php(21): Illuminate\\Pipeline\\Pipeline->Illuminate\\Pipeline\\{closure}()
#40 /var/www/vhosts/dazzling-edison.217-174-244-122.plesk.page/httpdocs/@core/vendor/laravel/framework/src/Illuminate/Foundation/Http/Middleware/TrimStrings.php(40): Illuminate\\Foundation\\Http\\Middleware\\TransformsRequest->handle()
#41 /var/www/vhosts/dazzling-edison.217-174-244-122.plesk.page/httpdocs/@core/vendor/laravel/framework/src/Illuminate/Pipeline/Pipeline.php(167): Illuminate\\Foundation\\Http\\Middleware\\TrimStrings->handle()
#42 /var/www/vhosts/dazzling-edison.217-174-244-122.plesk.page/httpdocs/@core/vendor/laravel/framework/src/Illuminate/Foundation/Http/Middleware/ValidatePostSize.php(27): Illuminate\\Pipeline\\Pipeline->Illuminate\\Pipeline\\{closure}()
#43 /var/www/vhosts/dazzling-edison.217-174-244-122.plesk.page/httpdocs/@core/vendor/laravel/framework/src/Illuminate/Pipeline/Pipeline.php(167): Illuminate\\Foundation\\Http\\Middleware\\ValidatePostSize->handle()
#44 /var/www/vhosts/dazzling-edison.217-174-244-122.plesk.page/httpdocs/@core/vendor/laravel/framework/src/Illuminate/Foundation/Http/Middleware/PreventRequestsDuringMaintenance.php(86): Illuminate\\Pipeline\\Pipeline->Illuminate\\Pipeline\\{closure}()
#45 /var/www/vhosts/dazzling-edison.217-174-244-122.plesk.page/httpdocs/@core/vendor/laravel/framework/src/Illuminate/Pipeline/Pipeline.php(167): Illuminate\\Foundation\\Http\\Middleware\\PreventRequestsDuringMaintenance->handle()
#46 /var/www/vhosts/dazzling-edison.217-174-244-122.plesk.page/httpdocs/@core/vendor/fideloper/proxy/src/TrustProxies.php(57): Illuminate\\Pipeline\\Pipeline->Illuminate\\Pipeline\\{closure}()
#47 /var/www/vhosts/dazzling-edison.217-174-244-122.plesk.page/httpdocs/@core/vendor/laravel/framework/src/Illuminate/Pipeline/Pipeline.php(167): Fideloper\\Proxy\\TrustProxies->handle()
#48 /var/www/vhosts/dazzling-edison.217-174-244-122.plesk.page/httpdocs/@core/vendor/laravel/framework/src/Illuminate/Pipeline/Pipeline.php(103): Illuminate\\Pipeline\\Pipeline->Illuminate\\Pipeline\\{closure}()
#49 /var/www/vhosts/dazzling-edison.217-174-244-122.plesk.page/httpdocs/@core/vendor/laravel/framework/src/Illuminate/Foundation/Http/Kernel.php(142): Illuminate\\Pipeline\\Pipeline->then()
#50 /var/www/vhosts/dazzling-edison.217-174-244-122.plesk.page/httpdocs/@core/vendor/laravel/framework/src/Illuminate/Foundation/Http/Kernel.php(111): Illuminate\\Foundation\\Http\\Kernel->sendRequestThroughRouter()
#51 /var/www/vhosts/dazzling-edison.217-174-244-122.plesk.page/httpdocs/index.php(72): Illuminate\\Foundation\\Http\\Kernel->handle()
#52 {main}
"} 
[2023-07-13 12:16:57] local.ERROR: compact(): Undefined variable $query {"exception":"[object] (ErrorException(code: 0): compact(): Undefined variable $query at /var/www/vhosts/dazzling-edison.217-174-244-122.plesk.page/httpdocs/@core/app/Http/Controllers/FrontendController.php:497)
[stacktrace]
#0 [internal function]: Illuminate\\Foundation\\Bootstrap\\HandleExceptions->handleError()
#1 /var/www/vhosts/dazzling-edison.217-174-244-122.plesk.page/httpdocs/@core/app/Http/Controllers/FrontendController.php(497): compact()
#2 /var/www/vhosts/dazzling-edison.217-174-244-122.plesk.page/httpdocs/@core/vendor/laravel/framework/src/Illuminate/Routing/Controller.php(54): App\\Http\\Controllers\\FrontendController->home_search_single_page()
#3 /var/www/vhosts/dazzling-edison.217-174-244-122.plesk.page/httpdocs/@core/vendor/laravel/framework/src/Illuminate/Routing/ControllerDispatcher.php(45): Illuminate\\Routing\\Controller->callAction()
#4 /var/www/vhosts/dazzling-edison.217-174-244-122.plesk.page/httpdocs/@core/vendor/laravel/framework/src/Illuminate/Routing/Route.php(262): Illuminate\\Routing\\ControllerDispatcher->dispatch()
#5 /var/www/vhosts/dazzling-edison.217-174-244-122.plesk.page/httpdocs/@core/vendor/laravel/framework/src/Illuminate/Routing/Route.php(205): Illuminate\\Routing\\Route->runController()
#6 /var/www/vhosts/dazzling-edison.217-174-244-122.plesk.page/httpdocs/@core/vendor/laravel/framework/src/Illuminate/Routing/Router.php(721): Illuminate\\Routing\\Route->run()
#7 /var/www/vhosts/dazzling-edison.217-174-244-122.plesk.page/httpdocs/@core/vendor/laravel/framework/src/Illuminate/Pipeline/Pipeline.php(128): Illuminate\\Routing\\Router->Illuminate\\Routing\\{closure}()
#8 /var/www/vhosts/dazzling-edison.217-174-244-122.plesk.page/httpdocs/@core/app/Http/Middleware/SetLang.php(28): Illuminate\\Pipeline\\Pipeline->Illuminate\\Pipeline\\{closure}()
#9 /var/www/vhosts/dazzling-edison.217-174-244-122.plesk.page/httpdocs/@core/vendor/laravel/framework/src/Illuminate/Pipeline/Pipeline.php(167): App\\Http\\Middleware\\SetLang->handle()
#10 /var/www/vhosts/dazzling-edison.217-174-244-122.plesk.page/httpdocs/@core/app/Http/Middleware/MaintainsMode.php(22): Illuminate\\Pipeline\\Pipeline->Illuminate\\Pipeline\\{closure}()
#11 /var/www/vhosts/dazzling-edison.217-174-244-122.plesk.page/httpdocs/@core/vendor/laravel/framework/src/Illuminate/Pipeline/Pipeline.php(167): App\\Http\\Middleware\\MaintainsMode->handle()
#12 /var/www/vhosts/dazzling-edison.217-174-244-122.plesk.page/httpdocs/@core/app/Http/Middleware/GlobalVariableMiddleware.php(92): Illuminate\\Pipeline\\Pipeline->Illuminate\\Pipeline\\{closure}()
#13 /var/www/vhosts/dazzling-edison.217-174-244-122.plesk.page/httpdocs/@core/vendor/laravel/framework/src/Illuminate/Pipeline/Pipeline.php(167): App\\Http\\Middleware\\GlobalVariableMiddleware->handle()
#14 /var/www/vhosts/dazzling-edison.217-174-244-122.plesk.page/httpdocs/@core/vendor/laravel/framework/src/Illuminate/Routing/Middleware/SubstituteBindings.php(50): Illuminate\\Pipeline\\Pipeline->Illuminate\\Pipeline\\{closure}()
#15 /var/www/vhosts/dazzling-edison.217-174-244-122.plesk.page/httpdocs/@core/vendor/laravel/framework/src/Illuminate/Pipeline/Pipeline.php(167): Illuminate\\Routing\\Middleware\\SubstituteBindings->handle()
#16 /var/www/vhosts/dazzling-edison.217-174-244-122.plesk.page/httpdocs/@core/vendor/laravel/framework/src/Illuminate/Foundation/Http/Middleware/VerifyCsrfToken.php(78): Illuminate\\Pipeline\\Pipeline->Illuminate\\Pipeline\\{closure}()
#17 /var/www/vhosts/dazzling-edison.217-174-244-122.plesk.page/httpdocs/@core/vendor/laravel/framework/src/Illuminate/Pipeline/Pipeline.php(167): Illuminate\\Foundation\\Http\\Middleware\\VerifyCsrfToken->handle()
#18 /var/www/vhosts/dazzling-edison.217-174-244-122.plesk.page/httpdocs/@core/vendor/laravel/framework/src/Illuminate/Session/Middleware/AuthenticateSession.php(39): Illuminate\\Pipeline\\Pipeline->Illuminate\\Pipeline\\{closure}()
#19 /var/www/vhosts/dazzling-edison.217-174-244-122.plesk.page/httpdocs/@core/vendor/laravel/framework/src/Illuminate/Pipeline/Pipeline.php(167): Illuminate\\Session\\Middleware\\AuthenticateSession->handle()
#20 /var/www/vhosts/dazzling-edison.217-174-244-122.plesk.page/httpdocs/@core/vendor/laravel/framework/src/Illuminate/View/Middleware/ShareErrorsFromSession.php(49): Illuminate\\Pipeline\\Pipeline->Illuminate\\Pipeline\\{closure}()
#21 /var/www/vhosts/dazzling-edison.217-174-244-122.plesk.page/httpdocs/@core/vendor/laravel/framework/src/Illuminate/Pipeline/Pipeline.php(167): Illuminate\\View\\Middleware\\ShareErrorsFromSession->handle()
#22 /var/www/vhosts/dazzling-edison.217-174-244-122.plesk.page/httpdocs/@core/vendor/laravel/framework/src/Illuminate/Session/Middleware/StartSession.php(121): Illuminate\\Pipeline\\Pipeline->Illuminate\\Pipeline\\{closure}()
#23 /var/www/vhosts/dazzling-edison.217-174-244-122.plesk.page/httpdocs/@core/vendor/laravel/framework/src/Illuminate/Session/Middleware/StartSession.php(64): Illuminate\\Session\\Middleware\\StartSession->handleStatefulRequest()
#24 /var/www/vhosts/dazzling-edison.217-174-244-122.plesk.page/httpdocs/@core/vendor/laravel/framework/src/Illuminate/Pipeline/Pipeline.php(167): Illuminate\\Session\\Middleware\\StartSession->handle()
#25 /var/www/vhosts/dazzling-edison.217-174-244-122.plesk.page/httpdocs/@core/vendor/laravel/framework/src/Illuminate/Cookie/Middleware/AddQueuedCookiesToResponse.php(37): Illuminate\\Pipeline\\Pipeline->Illuminate\\Pipeline\\{closure}()
#26 /var/www/vhosts/dazzling-edison.217-174-244-122.plesk.page/httpdocs/@core/vendor/laravel/framework/src/Illuminate/Pipeline/Pipeline.php(167): Illuminate\\Cookie\\Middleware\\AddQueuedCookiesToResponse->handle()
#27 /var/www/vhosts/dazzling-edison.217-174-244-122.plesk.page/httpdocs/@core/vendor/laravel/framework/src/Illuminate/Cookie/Middleware/EncryptCookies.php(67): Illuminate\\Pipeline\\Pipeline->Illuminate\\Pipeline\\{closure}()
#28 /var/www/vhosts/dazzling-edison.217-174-244-122.plesk.page/httpdocs/@core/vendor/laravel/framework/src/Illuminate/Pipeline/Pipeline.php(167): Illuminate\\Cookie\\Middleware\\EncryptCookies->handle()
#29 /var/www/vhosts/dazzling-edison.217-174-244-122.plesk.page/httpdocs/@core/vendor/laravel/framework/src/Illuminate/Pipeline/Pipeline.php(103): Illuminate\\Pipeline\\Pipeline->Illuminate\\Pipeline\\{closure}()
#30 /var/www/vhosts/dazzling-edison.217-174-244-122.plesk.page/httpdocs/@core/vendor/laravel/framework/src/Illuminate/Routing/Router.php(723): Illuminate\\Pipeline\\Pipeline->then()
#31 /var/www/vhosts/dazzling-edison.217-174-244-122.plesk.page/httpdocs/@core/vendor/laravel/framework/src/Illuminate/Routing/Router.php(698): Illuminate\\Routing\\Router->runRouteWithinStack()
#32 /var/www/vhosts/dazzling-edison.217-174-244-122.plesk.page/httpdocs/@core/vendor/laravel/framework/src/Illuminate/Routing/Router.php(662): Illuminate\\Routing\\Router->runRoute()
#33 /var/www/vhosts/dazzling-edison.217-174-244-122.plesk.page/httpdocs/@core/vendor/laravel/framework/src/Illuminate/Routing/Router.php(651): Illuminate\\Routing\\Router->dispatchToRoute()
#34 /var/www/vhosts/dazzling-edison.217-174-244-122.plesk.page/httpdocs/@core/vendor/laravel/framework/src/Illuminate/Foundation/Http/Kernel.php(167): Illuminate\\Routing\\Router->dispatch()
#35 /var/www/vhosts/dazzling-edison.217-174-244-122.plesk.page/httpdocs/@core/vendor/laravel/framework/src/Illuminate/Pipeline/Pipeline.php(128): Illuminate\\Foundation\\Http\\Kernel->Illuminate\\Foundation\\Http\\{closure}()
#36 /var/www/vhosts/dazzling-edison.217-174-244-122.plesk.page/httpdocs/@core/vendor/laravel/framework/src/Illuminate/Foundation/Http/Middleware/TransformsRequest.php(21): Illuminate\\Pipeline\\Pipeline->Illuminate\\Pipeline\\{closure}()
#37 /var/www/vhosts/dazzling-edison.217-174-244-122.plesk.page/httpdocs/@core/vendor/laravel/framework/src/Illuminate/Foundation/Http/Middleware/ConvertEmptyStringsToNull.php(31): Illuminate\\Foundation\\Http\\Middleware\\TransformsRequest->handle()
#38 /var/www/vhosts/dazzling-edison.217-174-244-122.plesk.page/httpdocs/@core/vendor/laravel/framework/src/Illuminate/Pipeline/Pipeline.php(167): Illuminate\\Foundation\\Http\\Middleware\\ConvertEmptyStringsToNull->handle()
#39 /var/www/vhosts/dazzling-edison.217-174-244-122.plesk.page/httpdocs/@core/vendor/laravel/framework/src/Illuminate/Foundation/Http/Middleware/TransformsRequest.php(21): Illuminate\\Pipeline\\Pipeline->Illuminate\\Pipeline\\{closure}()
#40 /var/www/vhosts/dazzling-edison.217-174-244-122.plesk.page/httpdocs/@core/vendor/laravel/framework/src/Illuminate/Foundation/Http/Middleware/TrimStrings.php(40): Illuminate\\Foundation\\Http\\Middleware\\TransformsRequest->handle()
#41 /var/www/vhosts/dazzling-edison.217-174-244-122.plesk.page/httpdocs/@core/vendor/laravel/framework/src/Illuminate/Pipeline/Pipeline.php(167): Illuminate\\Foundation\\Http\\Middleware\\TrimStrings->handle()
#42 /var/www/vhosts/dazzling-edison.217-174-244-122.plesk.page/httpdocs/@core/vendor/laravel/framework/src/Illuminate/Foundation/Http/Middleware/ValidatePostSize.php(27): Illuminate\\Pipeline\\Pipeline->Illuminate\\Pipeline\\{closure}()
#43 /var/www/vhosts/dazzling-edison.217-174-244-122.plesk.page/httpdocs/@core/vendor/laravel/framework/src/Illuminate/Pipeline/Pipeline.php(167): Illuminate\\Foundation\\Http\\Middleware\\ValidatePostSize->handle()
#44 /var/www/vhosts/dazzling-edison.217-174-244-122.plesk.page/httpdocs/@core/vendor/laravel/framework/src/Illuminate/Foundation/Http/Middleware/PreventRequestsDuringMaintenance.php(86): Illuminate\\Pipeline\\Pipeline->Illuminate\\Pipeline\\{closure}()
#45 /var/www/vhosts/dazzling-edison.217-174-244-122.plesk.page/httpdocs/@core/vendor/laravel/framework/src/Illuminate/Pipeline/Pipeline.php(167): Illuminate\\Foundation\\Http\\Middleware\\PreventRequestsDuringMaintenance->handle()
#46 /var/www/vhosts/dazzling-edison.217-174-244-122.plesk.page/httpdocs/@core/vendor/fideloper/proxy/src/TrustProxies.php(57): Illuminate\\Pipeline\\Pipeline->Illuminate\\Pipeline\\{closure}()
#47 /var/www/vhosts/dazzling-edison.217-174-244-122.plesk.page/httpdocs/@core/vendor/laravel/framework/src/Illuminate/Pipeline/Pipeline.php(167): Fideloper\\Proxy\\TrustProxies->handle()
#48 /var/www/vhosts/dazzling-edison.217-174-244-122.plesk.page/httpdocs/@core/vendor/laravel/framework/src/Illuminate/Pipeline/Pipeline.php(103): Illuminate\\Pipeline\\Pipeline->Illuminate\\Pipeline\\{closure}()
#49 /var/www/vhosts/dazzling-edison.217-174-244-122.plesk.page/httpdocs/@core/vendor/laravel/framework/src/Illuminate/Foundation/Http/Kernel.php(142): Illuminate\\Pipeline\\Pipeline->then()
#50 /var/www/vhosts/dazzling-edison.217-174-244-122.plesk.page/httpdocs/@core/vendor/laravel/framework/src/Illuminate/Foundation/Http/Kernel.php(111): Illuminate\\Foundation\\Http\\Kernel->sendRequestThroughRouter()
#51 /var/www/vhosts/dazzling-edison.217-174-244-122.plesk.page/httpdocs/index.php(72): Illuminate\\Foundation\\Http\\Kernel->handle()
#52 {main}
"} 
[2023-07-13 12:31:55] local.ERROR: compact(): Undefined variable $query {"exception":"[object] (ErrorException(code: 0): compact(): Undefined variable $query at /var/www/vhosts/dazzling-edison.217-174-244-122.plesk.page/httpdocs/@core/app/Http/Controllers/FrontendController.php:497)
[stacktrace]
#0 [internal function]: Illuminate\\Foundation\\Bootstrap\\HandleExceptions->handleError()
#1 /var/www/vhosts/dazzling-edison.217-174-244-122.plesk.page/httpdocs/@core/app/Http/Controllers/FrontendController.php(497): compact()
#2 /var/www/vhosts/dazzling-edison.217-174-244-122.plesk.page/httpdocs/@core/vendor/laravel/framework/src/Illuminate/Routing/Controller.php(54): App\\Http\\Controllers\\FrontendController->home_search_single_page()
#3 /var/www/vhosts/dazzling-edison.217-174-244-122.plesk.page/httpdocs/@core/vendor/laravel/framework/src/Illuminate/Routing/ControllerDispatcher.php(45): Illuminate\\Routing\\Controller->callAction()
#4 /var/www/vhosts/dazzling-edison.217-174-244-122.plesk.page/httpdocs/@core/vendor/laravel/framework/src/Illuminate/Routing/Route.php(262): Illuminate\\Routing\\ControllerDispatcher->dispatch()
#5 /var/www/vhosts/dazzling-edison.217-174-244-122.plesk.page/httpdocs/@core/vendor/laravel/framework/src/Illuminate/Routing/Route.php(205): Illuminate\\Routing\\Route->runController()
#6 /var/www/vhosts/dazzling-edison.217-174-244-122.plesk.page/httpdocs/@core/vendor/laravel/framework/src/Illuminate/Routing/Router.php(721): Illuminate\\Routing\\Route->run()
#7 /var/www/vhosts/dazzling-edison.217-174-244-122.plesk.page/httpdocs/@core/vendor/laravel/framework/src/Illuminate/Pipeline/Pipeline.php(128): Illuminate\\Routing\\Router->Illuminate\\Routing\\{closure}()
#8 /var/www/vhosts/dazzling-edison.217-174-244-122.plesk.page/httpdocs/@core/app/Http/Middleware/SetLang.php(28): Illuminate\\Pipeline\\Pipeline->Illuminate\\Pipeline\\{closure}()
#9 /var/www/vhosts/dazzling-edison.217-174-244-122.plesk.page/httpdocs/@core/vendor/laravel/framework/src/Illuminate/Pipeline/Pipeline.php(167): App\\Http\\Middleware\\SetLang->handle()
#10 /var/www/vhosts/dazzling-edison.217-174-244-122.plesk.page/httpdocs/@core/app/Http/Middleware/MaintainsMode.php(22): Illuminate\\Pipeline\\Pipeline->Illuminate\\Pipeline\\{closure}()
#11 /var/www/vhosts/dazzling-edison.217-174-244-122.plesk.page/httpdocs/@core/vendor/laravel/framework/src/Illuminate/Pipeline/Pipeline.php(167): App\\Http\\Middleware\\MaintainsMode->handle()
#12 /var/www/vhosts/dazzling-edison.217-174-244-122.plesk.page/httpdocs/@core/app/Http/Middleware/GlobalVariableMiddleware.php(92): Illuminate\\Pipeline\\Pipeline->Illuminate\\Pipeline\\{closure}()
#13 /var/www/vhosts/dazzling-edison.217-174-244-122.plesk.page/httpdocs/@core/vendor/laravel/framework/src/Illuminate/Pipeline/Pipeline.php(167): App\\Http\\Middleware\\GlobalVariableMiddleware->handle()
#14 /var/www/vhosts/dazzling-edison.217-174-244-122.plesk.page/httpdocs/@core/vendor/laravel/framework/src/Illuminate/Routing/Middleware/SubstituteBindings.php(50): Illuminate\\Pipeline\\Pipeline->Illuminate\\Pipeline\\{closure}()
#15 /var/www/vhosts/dazzling-edison.217-174-244-122.plesk.page/httpdocs/@core/vendor/laravel/framework/src/Illuminate/Pipeline/Pipeline.php(167): Illuminate\\Routing\\Middleware\\SubstituteBindings->handle()
#16 /var/www/vhosts/dazzling-edison.217-174-244-122.plesk.page/httpdocs/@core/vendor/laravel/framework/src/Illuminate/Foundation/Http/Middleware/VerifyCsrfToken.php(78): Illuminate\\Pipeline\\Pipeline->Illuminate\\Pipeline\\{closure}()
#17 /var/www/vhosts/dazzling-edison.217-174-244-122.plesk.page/httpdocs/@core/vendor/laravel/framework/src/Illuminate/Pipeline/Pipeline.php(167): Illuminate\\Foundation\\Http\\Middleware\\VerifyCsrfToken->handle()
#18 /var/www/vhosts/dazzling-edison.217-174-244-122.plesk.page/httpdocs/@core/vendor/laravel/framework/src/Illuminate/Session/Middleware/AuthenticateSession.php(39): Illuminate\\Pipeline\\Pipeline->Illuminate\\Pipeline\\{closure}()
#19 /var/www/vhosts/dazzling-edison.217-174-244-122.plesk.page/httpdocs/@core/vendor/laravel/framework/src/Illuminate/Pipeline/Pipeline.php(167): Illuminate\\Session\\Middleware\\AuthenticateSession->handle()
#20 /var/www/vhosts/dazzling-edison.217-174-244-122.plesk.page/httpdocs/@core/vendor/laravel/framework/src/Illuminate/View/Middleware/ShareErrorsFromSession.php(49): Illuminate\\Pipeline\\Pipeline->Illuminate\\Pipeline\\{closure}()
#21 /var/www/vhosts/dazzling-edison.217-174-244-122.plesk.page/httpdocs/@core/vendor/laravel/framework/src/Illuminate/Pipeline/Pipeline.php(167): Illuminate\\View\\Middleware\\ShareErrorsFromSession->handle()
#22 /var/www/vhosts/dazzling-edison.217-174-244-122.plesk.page/httpdocs/@core/vendor/laravel/framework/src/Illuminate/Session/Middleware/StartSession.php(121): Illuminate\\Pipeline\\Pipeline->Illuminate\\Pipeline\\{closure}()
#23 /var/www/vhosts/dazzling-edison.217-174-244-122.plesk.page/httpdocs/@core/vendor/laravel/framework/src/Illuminate/Session/Middleware/StartSession.php(64): Illuminate\\Session\\Middleware\\StartSession->handleStatefulRequest()
#24 /var/www/vhosts/dazzling-edison.217-174-244-122.plesk.page/httpdocs/@core/vendor/laravel/framework/src/Illuminate/Pipeline/Pipeline.php(167): Illuminate\\Session\\Middleware\\StartSession->handle()
#25 /var/www/vhosts/dazzling-edison.217-174-244-122.plesk.page/httpdocs/@core/vendor/laravel/framework/src/Illuminate/Cookie/Middleware/AddQueuedCookiesToResponse.php(37): Illuminate\\Pipeline\\Pipeline->Illuminate\\Pipeline\\{closure}()
#26 /var/www/vhosts/dazzling-edison.217-174-244-122.plesk.page/httpdocs/@core/vendor/laravel/framework/src/Illuminate/Pipeline/Pipeline.php(167): Illuminate\\Cookie\\Middleware\\AddQueuedCookiesToResponse->handle()
#27 /var/www/vhosts/dazzling-edison.217-174-244-122.plesk.page/httpdocs/@core/vendor/laravel/framework/src/Illuminate/Cookie/Middleware/EncryptCookies.php(67): Illuminate\\Pipeline\\Pipeline->Illuminate\\Pipeline\\{closure}()
#28 /var/www/vhosts/dazzling-edison.217-174-244-122.plesk.page/httpdocs/@core/vendor/laravel/framework/src/Illuminate/Pipeline/Pipeline.php(167): Illuminate\\Cookie\\Middleware\\EncryptCookies->handle()
#29 /var/www/vhosts/dazzling-edison.217-174-244-122.plesk.page/httpdocs/@core/vendor/laravel/framework/src/Illuminate/Pipeline/Pipeline.php(103): Illuminate\\Pipeline\\Pipeline->Illuminate\\Pipeline\\{closure}()
#30 /var/www/vhosts/dazzling-edison.217-174-244-122.plesk.page/httpdocs/@core/vendor/laravel/framework/src/Illuminate/Routing/Router.php(723): Illuminate\\Pipeline\\Pipeline->then()
#31 /var/www/vhosts/dazzling-edison.217-174-244-122.plesk.page/httpdocs/@core/vendor/laravel/framework/src/Illuminate/Routing/Router.php(698): Illuminate\\Routing\\Router->runRouteWithinStack()
#32 /var/www/vhosts/dazzling-edison.217-174-244-122.plesk.page/httpdocs/@core/vendor/laravel/framework/src/Illuminate/Routing/Router.php(662): Illuminate\\Routing\\Router->runRoute()
#33 /var/www/vhosts/dazzling-edison.217-174-244-122.plesk.page/httpdocs/@core/vendor/laravel/framework/src/Illuminate/Routing/Router.php(651): Illuminate\\Routing\\Router->dispatchToRoute()
#34 /var/www/vhosts/dazzling-edison.217-174-244-122.plesk.page/httpdocs/@core/vendor/laravel/framework/src/Illuminate/Foundation/Http/Kernel.php(167): Illuminate\\Routing\\Router->dispatch()
#35 /var/www/vhosts/dazzling-edison.217-174-244-122.plesk.page/httpdocs/@core/vendor/laravel/framework/src/Illuminate/Pipeline/Pipeline.php(128): Illuminate\\Foundation\\Http\\Kernel->Illuminate\\Foundation\\Http\\{closure}()
#36 /var/www/vhosts/dazzling-edison.217-174-244-122.plesk.page/httpdocs/@core/vendor/laravel/framework/src/Illuminate/Foundation/Http/Middleware/TransformsRequest.php(21): Illuminate\\Pipeline\\Pipeline->Illuminate\\Pipeline\\{closure}()
#37 /var/www/vhosts/dazzling-edison.217-174-244-122.plesk.page/httpdocs/@core/vendor/laravel/framework/src/Illuminate/Foundation/Http/Middleware/ConvertEmptyStringsToNull.php(31): Illuminate\\Foundation\\Http\\Middleware\\TransformsRequest->handle()
#38 /var/www/vhosts/dazzling-edison.217-174-244-122.plesk.page/httpdocs/@core/vendor/laravel/framework/src/Illuminate/Pipeline/Pipeline.php(167): Illuminate\\Foundation\\Http\\Middleware\\ConvertEmptyStringsToNull->handle()
#39 /var/www/vhosts/dazzling-edison.217-174-244-122.plesk.page/httpdocs/@core/vendor/laravel/framework/src/Illuminate/Foundation/Http/Middleware/TransformsRequest.php(21): Illuminate\\Pipeline\\Pipeline->Illuminate\\Pipeline\\{closure}()
#40 /var/www/vhosts/dazzling-edison.217-174-244-122.plesk.page/httpdocs/@core/vendor/laravel/framework/src/Illuminate/Foundation/Http/Middleware/TrimStrings.php(40): Illuminate\\Foundation\\Http\\Middleware\\TransformsRequest->handle()
#41 /var/www/vhosts/dazzling-edison.217-174-244-122.plesk.page/httpdocs/@core/vendor/laravel/framework/src/Illuminate/Pipeline/Pipeline.php(167): Illuminate\\Foundation\\Http\\Middleware\\TrimStrings->handle()
#42 /var/www/vhosts/dazzling-edison.217-174-244-122.plesk.page/httpdocs/@core/vendor/laravel/framework/src/Illuminate/Foundation/Http/Middleware/ValidatePostSize.php(27): Illuminate\\Pipeline\\Pipeline->Illuminate\\Pipeline\\{closure}()
#43 /var/www/vhosts/dazzling-edison.217-174-244-122.plesk.page/httpdocs/@core/vendor/laravel/framework/src/Illuminate/Pipeline/Pipeline.php(167): Illuminate\\Foundation\\Http\\Middleware\\ValidatePostSize->handle()
#44 /var/www/vhosts/dazzling-edison.217-174-244-122.plesk.page/httpdocs/@core/vendor/laravel/framework/src/Illuminate/Foundation/Http/Middleware/PreventRequestsDuringMaintenance.php(86): Illuminate\\Pipeline\\Pipeline->Illuminate\\Pipeline\\{closure}()
#45 /var/www/vhosts/dazzling-edison.217-174-244-122.plesk.page/httpdocs/@core/vendor/laravel/framework/src/Illuminate/Pipeline/Pipeline.php(167): Illuminate\\Foundation\\Http\\Middleware\\PreventRequestsDuringMaintenance->handle()
#46 /var/www/vhosts/dazzling-edison.217-174-244-122.plesk.page/httpdocs/@core/vendor/fideloper/proxy/src/TrustProxies.php(57): Illuminate\\Pipeline\\Pipeline->Illuminate\\Pipeline\\{closure}()
#47 /var/www/vhosts/dazzling-edison.217-174-244-122.plesk.page/httpdocs/@core/vendor/laravel/framework/src/Illuminate/Pipeline/Pipeline.php(167): Fideloper\\Proxy\\TrustProxies->handle()
#48 /var/www/vhosts/dazzling-edison.217-174-244-122.plesk.page/httpdocs/@core/vendor/laravel/framework/src/Illuminate/Pipeline/Pipeline.php(103): Illuminate\\Pipeline\\Pipeline->Illuminate\\Pipeline\\{closure}()
#49 /var/www/vhosts/dazzling-edison.217-174-244-122.plesk.page/httpdocs/@core/vendor/laravel/framework/src/Illuminate/Foundation/Http/Kernel.php(142): Illuminate\\Pipeline\\Pipeline->then()
#50 /var/www/vhosts/dazzling-edison.217-174-244-122.plesk.page/httpdocs/@core/vendor/laravel/framework/src/Illuminate/Foundation/Http/Kernel.php(111): Illuminate\\Foundation\\Http\\Kernel->sendRequestThroughRouter()
#51 /var/www/vhosts/dazzling-edison.217-174-244-122.plesk.page/httpdocs/index.php(72): Illuminate\\Foundation\\Http\\Kernel->handle()
#52 {main}
"} 
