[2023-07-17 05:41:58] local.ERROR: Attempt to read property "id" on null {"userId":1667,"exception":"[object] (ErrorException(code: 0): Attempt to read property \"id\" on null at /var/www/vhosts/dazzling-edison.217-174-244-122.plesk.page/httpdocs/@core/app/Http/Controllers/Frontend/ServiceListController.php:1606)
[stacktrace]
#0 /var/www/vhosts/dazzling-edison.217-174-244-122.plesk.page/httpdocs/@core/app/Http/Controllers/Frontend/ServiceListController.php(1606): Illuminate\\Foundation\\Bootstrap\\HandleExceptions->handleError()
#1 /var/www/vhosts/dazzling-edison.217-174-244-122.plesk.page/httpdocs/@core/vendor/laravel/framework/src/Illuminate/Routing/Controller.php(54): App\\Http\\Controllers\\Frontend\\ServiceListController->categoryServices()
#2 /var/www/vhosts/dazzling-edison.217-174-244-122.plesk.page/httpdocs/@core/vendor/laravel/framework/src/Illuminate/Routing/ControllerDispatcher.php(45): Illuminate\\Routing\\Controller->callAction()
#3 /var/www/vhosts/dazzling-edison.217-174-244-122.plesk.page/httpdocs/@core/vendor/laravel/framework/src/Illuminate/Routing/Route.php(262): Illuminate\\Routing\\ControllerDispatcher->dispatch()
#4 /var/www/vhosts/dazzling-edison.217-174-244-122.plesk.page/httpdocs/@core/vendor/laravel/framework/src/Illuminate/Routing/Route.php(205): Illuminate\\Routing\\Route->runController()
#5 /var/www/vhosts/dazzling-edison.217-174-244-122.plesk.page/httpdocs/@core/vendor/laravel/framework/src/Illuminate/Routing/Router.php(721): Illuminate\\Routing\\Route->run()
#6 /var/www/vhosts/dazzling-edison.217-174-244-122.plesk.page/httpdocs/@core/vendor/laravel/framework/src/Illuminate/Pipeline/Pipeline.php(128): Illuminate\\Routing\\Router->Illuminate\\Routing\\{closure}()
#7 /var/www/vhosts/dazzling-edison.217-174-244-122.plesk.page/httpdocs/@core/app/Http/Middleware/SetLang.php(28): Illuminate\\Pipeline\\Pipeline->Illuminate\\Pipeline\\{closure}()
#8 /var/www/vhosts/dazzling-edison.217-174-244-122.plesk.page/httpdocs/@core/vendor/laravel/framework/src/Illuminate/Pipeline/Pipeline.php(167): App\\Http\\Middleware\\SetLang->handle()
#9 /var/www/vhosts/dazzling-edison.217-174-244-122.plesk.page/httpdocs/@core/app/Http/Middleware/MaintainsMode.php(22): Illuminate\\Pipeline\\Pipeline->Illuminate\\Pipeline\\{closure}()
#10 /var/www/vhosts/dazzling-edison.217-174-244-122.plesk.page/httpdocs/@core/vendor/laravel/framework/src/Illuminate/Pipeline/Pipeline.php(167): App\\Http\\Middleware\\MaintainsMode->handle()
#11 /var/www/vhosts/dazzling-edison.217-174-244-122.plesk.page/httpdocs/@core/app/Http/Middleware/GlobalVariableMiddleware.php(92): Illuminate\\Pipeline\\Pipeline->Illuminate\\Pipeline\\{closure}()
#12 /var/www/vhosts/dazzling-edison.217-174-244-122.plesk.page/httpdocs/@core/vendor/laravel/framework/src/Illuminate/Pipeline/Pipeline.php(167): App\\Http\\Middleware\\GlobalVariableMiddleware->handle()
#13 /var/www/vhosts/dazzling-edison.217-174-244-122.plesk.page/httpdocs/@core/vendor/laravel/framework/src/Illuminate/Routing/Middleware/SubstituteBindings.php(50): Illuminate\\Pipeline\\Pipeline->Illuminate\\Pipeline\\{closure}()
#14 /var/www/vhosts/dazzling-edison.217-174-244-122.plesk.page/httpdocs/@core/vendor/laravel/framework/src/Illuminate/Pipeline/Pipeline.php(167): Illuminate\\Routing\\Middleware\\SubstituteBindings->handle()
#15 /var/www/vhosts/dazzling-edison.217-174-244-122.plesk.page/httpdocs/@core/vendor/laravel/framework/src/Illuminate/Foundation/Http/Middleware/VerifyCsrfToken.php(78): Illuminate\\Pipeline\\Pipeline->Illuminate\\Pipeline\\{closure}()
#16 /var/www/vhosts/dazzling-edison.217-174-244-122.plesk.page/httpdocs/@core/vendor/laravel/framework/src/Illuminate/Pipeline/Pipeline.php(167): Illuminate\\Foundation\\Http\\Middleware\\VerifyCsrfToken->handle()
#17 /var/www/vhosts/dazzling-edison.217-174-244-122.plesk.page/httpdocs/@core/vendor/laravel/framework/src/Illuminate/Session/Middleware/AuthenticateSession.php(58): Illuminate\\Pipeline\\Pipeline->Illuminate\\Pipeline\\{closure}()
#18 /var/www/vhosts/dazzling-edison.217-174-244-122.plesk.page/httpdocs/@core/vendor/laravel/framework/src/Illuminate/Pipeline/Pipeline.php(167): Illuminate\\Session\\Middleware\\AuthenticateSession->handle()
#19 /var/www/vhosts/dazzling-edison.217-174-244-122.plesk.page/httpdocs/@core/vendor/laravel/framework/src/Illuminate/View/Middleware/ShareErrorsFromSession.php(49): Illuminate\\Pipeline\\Pipeline->Illuminate\\Pipeline\\{closure}()
#20 /var/www/vhosts/dazzling-edison.217-174-244-122.plesk.page/httpdocs/@core/vendor/laravel/framework/src/Illuminate/Pipeline/Pipeline.php(167): Illuminate\\View\\Middleware\\ShareErrorsFromSession->handle()
#21 /var/www/vhosts/dazzling-edison.217-174-244-122.plesk.page/httpdocs/@core/vendor/laravel/framework/src/Illuminate/Session/Middleware/StartSession.php(121): Illuminate\\Pipeline\\Pipeline->Illuminate\\Pipeline\\{closure}()
#22 /var/www/vhosts/dazzling-edison.217-174-244-122.plesk.page/httpdocs/@core/vendor/laravel/framework/src/Illuminate/Session/Middleware/StartSession.php(64): Illuminate\\Session\\Middleware\\StartSession->handleStatefulRequest()
#23 /var/www/vhosts/dazzling-edison.217-174-244-122.plesk.page/httpdocs/@core/vendor/laravel/framework/src/Illuminate/Pipeline/Pipeline.php(167): Illuminate\\Session\\Middleware\\StartSession->handle()
#24 /var/www/vhosts/dazzling-edison.217-174-244-122.plesk.page/httpdocs/@core/vendor/laravel/framework/src/Illuminate/Cookie/Middleware/AddQueuedCookiesToResponse.php(37): Illuminate\\Pipeline\\Pipeline->Illuminate\\Pipeline\\{closure}()
#25 /var/www/vhosts/dazzling-edison.217-174-244-122.plesk.page/httpdocs/@core/vendor/laravel/framework/src/Illuminate/Pipeline/Pipeline.php(167): Illuminate\\Cookie\\Middleware\\AddQueuedCookiesToResponse->handle()
#26 /var/www/vhosts/dazzling-edison.217-174-244-122.plesk.page/httpdocs/@core/vendor/laravel/framework/src/Illuminate/Cookie/Middleware/EncryptCookies.php(67): Illuminate\\Pipeline\\Pipeline->Illuminate\\Pipeline\\{closure}()
#27 /var/www/vhosts/dazzling-edison.217-174-244-122.plesk.page/httpdocs/@core/vendor/laravel/framework/src/Illuminate/Pipeline/Pipeline.php(167): Illuminate\\Cookie\\Middleware\\EncryptCookies->handle()
#28 /var/www/vhosts/dazzling-edison.217-174-244-122.plesk.page/httpdocs/@core/vendor/laravel/framework/src/Illuminate/Pipeline/Pipeline.php(103): Illuminate\\Pipeline\\Pipeline->Illuminate\\Pipeline\\{closure}()
#29 /var/www/vhosts/dazzling-edison.217-174-244-122.plesk.page/httpdocs/@core/vendor/laravel/framework/src/Illuminate/Routing/Router.php(723): Illuminate\\Pipeline\\Pipeline->then()
#30 /var/www/vhosts/dazzling-edison.217-174-244-122.plesk.page/httpdocs/@core/vendor/laravel/framework/src/Illuminate/Routing/Router.php(698): Illuminate\\Routing\\Router->runRouteWithinStack()
#31 /var/www/vhosts/dazzling-edison.217-174-244-122.plesk.page/httpdocs/@core/vendor/laravel/framework/src/Illuminate/Routing/Router.php(662): Illuminate\\Routing\\Router->runRoute()
#32 /var/www/vhosts/dazzling-edison.217-174-244-122.plesk.page/httpdocs/@core/vendor/laravel/framework/src/Illuminate/Routing/Router.php(651): Illuminate\\Routing\\Router->dispatchToRoute()
#33 /var/www/vhosts/dazzling-edison.217-174-244-122.plesk.page/httpdocs/@core/vendor/laravel/framework/src/Illuminate/Foundation/Http/Kernel.php(167): Illuminate\\Routing\\Router->dispatch()
#34 /var/www/vhosts/dazzling-edison.217-174-244-122.plesk.page/httpdocs/@core/vendor/laravel/framework/src/Illuminate/Pipeline/Pipeline.php(128): Illuminate\\Foundation\\Http\\Kernel->Illuminate\\Foundation\\Http\\{closure}()
#35 /var/www/vhosts/dazzling-edison.217-174-244-122.plesk.page/httpdocs/@core/vendor/laravel/framework/src/Illuminate/Foundation/Http/Middleware/TransformsRequest.php(21): Illuminate\\Pipeline\\Pipeline->Illuminate\\Pipeline\\{closure}()
#36 /var/www/vhosts/dazzling-edison.217-174-244-122.plesk.page/httpdocs/@core/vendor/laravel/framework/src/Illuminate/Foundation/Http/Middleware/ConvertEmptyStringsToNull.php(31): Illuminate\\Foundation\\Http\\Middleware\\TransformsRequest->handle()
#37 /var/www/vhosts/dazzling-edison.217-174-244-122.plesk.page/httpdocs/@core/vendor/laravel/framework/src/Illuminate/Pipeline/Pipeline.php(167): Illuminate\\Foundation\\Http\\Middleware\\ConvertEmptyStringsToNull->handle()
#38 /var/www/vhosts/dazzling-edison.217-174-244-122.plesk.page/httpdocs/@core/vendor/laravel/framework/src/Illuminate/Foundation/Http/Middleware/TransformsRequest.php(21): Illuminate\\Pipeline\\Pipeline->Illuminate\\Pipeline\\{closure}()
#39 /var/www/vhosts/dazzling-edison.217-174-244-122.plesk.page/httpdocs/@core/vendor/laravel/framework/src/Illuminate/Foundation/Http/Middleware/TrimStrings.php(40): Illuminate\\Foundation\\Http\\Middleware\\TransformsRequest->handle()
#40 /var/www/vhosts/dazzling-edison.217-174-244-122.plesk.page/httpdocs/@core/vendor/laravel/framework/src/Illuminate/Pipeline/Pipeline.php(167): Illuminate\\Foundation\\Http\\Middleware\\TrimStrings->handle()
#41 /var/www/vhosts/dazzling-edison.217-174-244-122.plesk.page/httpdocs/@core/vendor/laravel/framework/src/Illuminate/Foundation/Http/Middleware/ValidatePostSize.php(27): Illuminate\\Pipeline\\Pipeline->Illuminate\\Pipeline\\{closure}()
#42 /var/www/vhosts/dazzling-edison.217-174-244-122.plesk.page/httpdocs/@core/vendor/laravel/framework/src/Illuminate/Pipeline/Pipeline.php(167): Illuminate\\Foundation\\Http\\Middleware\\ValidatePostSize->handle()
#43 /var/www/vhosts/dazzling-edison.217-174-244-122.plesk.page/httpdocs/@core/vendor/laravel/framework/src/Illuminate/Foundation/Http/Middleware/PreventRequestsDuringMaintenance.php(86): Illuminate\\Pipeline\\Pipeline->Illuminate\\Pipeline\\{closure}()
#44 /var/www/vhosts/dazzling-edison.217-174-244-122.plesk.page/httpdocs/@core/vendor/laravel/framework/src/Illuminate/Pipeline/Pipeline.php(167): Illuminate\\Foundation\\Http\\Middleware\\PreventRequestsDuringMaintenance->handle()
#45 /var/www/vhosts/dazzling-edison.217-174-244-122.plesk.page/httpdocs/@core/vendor/fideloper/proxy/src/TrustProxies.php(57): Illuminate\\Pipeline\\Pipeline->Illuminate\\Pipeline\\{closure}()
#46 /var/www/vhosts/dazzling-edison.217-174-244-122.plesk.page/httpdocs/@core/vendor/laravel/framework/src/Illuminate/Pipeline/Pipeline.php(167): Fideloper\\Proxy\\TrustProxies->handle()
#47 /var/www/vhosts/dazzling-edison.217-174-244-122.plesk.page/httpdocs/@core/vendor/laravel/framework/src/Illuminate/Pipeline/Pipeline.php(103): Illuminate\\Pipeline\\Pipeline->Illuminate\\Pipeline\\{closure}()
#48 /var/www/vhosts/dazzling-edison.217-174-244-122.plesk.page/httpdocs/@core/vendor/laravel/framework/src/Illuminate/Foundation/Http/Kernel.php(142): Illuminate\\Pipeline\\Pipeline->then()
#49 /var/www/vhosts/dazzling-edison.217-174-244-122.plesk.page/httpdocs/@core/vendor/laravel/framework/src/Illuminate/Foundation/Http/Kernel.php(111): Illuminate\\Foundation\\Http\\Kernel->sendRequestThroughRouter()
#50 /var/www/vhosts/dazzling-edison.217-174-244-122.plesk.page/httpdocs/index.php(72): Illuminate\\Foundation\\Http\\Kernel->handle()
#51 {main}
"} 
[2023-07-17 17:31:58] local.ERROR: Undefined array key 1 (View: /var/www/vhosts/dazzling-edison.217-174-244-122.plesk.page/httpdocs/@core/resources/views/frontend/partials/clickable-search-result.blade.php) {"view":{"view":"/var/www/vhosts/dazzling-edison.217-174-244-122.plesk.page/httpdocs/@core/vendor/laravel/framework/src/Illuminate/Collections/Collection.php","data":[]},"exception":"[object] (Facade\\Ignition\\Exceptions\\ViewException(code: 0): Undefined array key 1 (View: /var/www/vhosts/dazzling-edison.217-174-244-122.plesk.page/httpdocs/@core/resources/views/frontend/partials/clickable-search-result.blade.php) at /var/www/vhosts/dazzling-edison.217-174-244-122.plesk.page/httpdocs/@core/vendor/laravel/framework/src/Illuminate/Collections/Collection.php:1641)
[stacktrace]
#0 /var/www/vhosts/dazzling-edison.217-174-244-122.plesk.page/httpdocs/@core/vendor/laravel/framework/src/Illuminate/Collections/Collection.php(1641): Illuminate\\Foundation\\Bootstrap\\HandleExceptions->handleError()
#1 /var/www/vhosts/dazzling-edison.217-174-244-122.plesk.page/httpdocs/@core/resources/views/frontend/partials/clickable-search-result.blade.php(86): Illuminate\\Support\\Collection->offsetGet()
#2 /var/www/vhosts/dazzling-edison.217-174-244-122.plesk.page/httpdocs/@core/vendor/laravel/framework/src/Illuminate/Filesystem/Filesystem.php(107): require('...')
#3 /var/www/vhosts/dazzling-edison.217-174-244-122.plesk.page/httpdocs/@core/vendor/laravel/framework/src/Illuminate/Filesystem/Filesystem.php(108): Illuminate\\Filesystem\\Filesystem::Illuminate\\Filesystem\\{closure}()
#4 /var/www/vhosts/dazzling-edison.217-174-244-122.plesk.page/httpdocs/@core/vendor/laravel/framework/src/Illuminate/View/Engines/PhpEngine.php(58): Illuminate\\Filesystem\\Filesystem->getRequire()
#5 /var/www/vhosts/dazzling-edison.217-174-244-122.plesk.page/httpdocs/@core/vendor/laravel/framework/src/Illuminate/View/Engines/CompilerEngine.php(61): Illuminate\\View\\Engines\\PhpEngine->evaluatePath()
#6 /var/www/vhosts/dazzling-edison.217-174-244-122.plesk.page/httpdocs/@core/vendor/facade/ignition/src/Views/Engines/CompilerEngine.php(37): Illuminate\\View\\Engines\\CompilerEngine->get()
#7 /var/www/vhosts/dazzling-edison.217-174-244-122.plesk.page/httpdocs/@core/vendor/laravel/framework/src/Illuminate/View/View.php(139): Facade\\Ignition\\Views\\Engines\\CompilerEngine->get()
#8 /var/www/vhosts/dazzling-edison.217-174-244-122.plesk.page/httpdocs/@core/vendor/laravel/framework/src/Illuminate/View/View.php(122): Illuminate\\View\\View->getContents()
#9 /var/www/vhosts/dazzling-edison.217-174-244-122.plesk.page/httpdocs/@core/vendor/laravel/framework/src/Illuminate/View/View.php(91): Illuminate\\View\\View->renderContents()
#10 /var/www/vhosts/dazzling-edison.217-174-244-122.plesk.page/httpdocs/@core/vendor/laravel/framework/src/Illuminate/Http/Response.php(69): Illuminate\\View\\View->render()
#11 /var/www/vhosts/dazzling-edison.217-174-244-122.plesk.page/httpdocs/@core/vendor/laravel/framework/src/Illuminate/Http/Response.php(35): Illuminate\\Http\\Response->setContent()
#12 /var/www/vhosts/dazzling-edison.217-174-244-122.plesk.page/httpdocs/@core/vendor/laravel/framework/src/Illuminate/Routing/Router.php(820): Illuminate\\Http\\Response->__construct()
#13 /var/www/vhosts/dazzling-edison.217-174-244-122.plesk.page/httpdocs/@core/vendor/laravel/framework/src/Illuminate/Routing/Router.php(789): Illuminate\\Routing\\Router::toResponse()
#14 /var/www/vhosts/dazzling-edison.217-174-244-122.plesk.page/httpdocs/@core/vendor/laravel/framework/src/Illuminate/Routing/Router.php(721): Illuminate\\Routing\\Router->prepareResponse()
#15 /var/www/vhosts/dazzling-edison.217-174-244-122.plesk.page/httpdocs/@core/vendor/laravel/framework/src/Illuminate/Pipeline/Pipeline.php(128): Illuminate\\Routing\\Router->Illuminate\\Routing\\{closure}()
#16 /var/www/vhosts/dazzling-edison.217-174-244-122.plesk.page/httpdocs/@core/app/Http/Middleware/SetLang.php(28): Illuminate\\Pipeline\\Pipeline->Illuminate\\Pipeline\\{closure}()
#17 /var/www/vhosts/dazzling-edison.217-174-244-122.plesk.page/httpdocs/@core/vendor/laravel/framework/src/Illuminate/Pipeline/Pipeline.php(167): App\\Http\\Middleware\\SetLang->handle()
#18 /var/www/vhosts/dazzling-edison.217-174-244-122.plesk.page/httpdocs/@core/app/Http/Middleware/MaintainsMode.php(22): Illuminate\\Pipeline\\Pipeline->Illuminate\\Pipeline\\{closure}()
#19 /var/www/vhosts/dazzling-edison.217-174-244-122.plesk.page/httpdocs/@core/vendor/laravel/framework/src/Illuminate/Pipeline/Pipeline.php(167): App\\Http\\Middleware\\MaintainsMode->handle()
#20 /var/www/vhosts/dazzling-edison.217-174-244-122.plesk.page/httpdocs/@core/app/Http/Middleware/GlobalVariableMiddleware.php(92): Illuminate\\Pipeline\\Pipeline->Illuminate\\Pipeline\\{closure}()
#21 /var/www/vhosts/dazzling-edison.217-174-244-122.plesk.page/httpdocs/@core/vendor/laravel/framework/src/Illuminate/Pipeline/Pipeline.php(167): App\\Http\\Middleware\\GlobalVariableMiddleware->handle()
#22 /var/www/vhosts/dazzling-edison.217-174-244-122.plesk.page/httpdocs/@core/vendor/laravel/framework/src/Illuminate/Routing/Middleware/SubstituteBindings.php(50): Illuminate\\Pipeline\\Pipeline->Illuminate\\Pipeline\\{closure}()
#23 /var/www/vhosts/dazzling-edison.217-174-244-122.plesk.page/httpdocs/@core/vendor/laravel/framework/src/Illuminate/Pipeline/Pipeline.php(167): Illuminate\\Routing\\Middleware\\SubstituteBindings->handle()
#24 /var/www/vhosts/dazzling-edison.217-174-244-122.plesk.page/httpdocs/@core/vendor/laravel/framework/src/Illuminate/Foundation/Http/Middleware/VerifyCsrfToken.php(78): Illuminate\\Pipeline\\Pipeline->Illuminate\\Pipeline\\{closure}()
#25 /var/www/vhosts/dazzling-edison.217-174-244-122.plesk.page/httpdocs/@core/vendor/laravel/framework/src/Illuminate/Pipeline/Pipeline.php(167): Illuminate\\Foundation\\Http\\Middleware\\VerifyCsrfToken->handle()
#26 /var/www/vhosts/dazzling-edison.217-174-244-122.plesk.page/httpdocs/@core/vendor/laravel/framework/src/Illuminate/Session/Middleware/AuthenticateSession.php(39): Illuminate\\Pipeline\\Pipeline->Illuminate\\Pipeline\\{closure}()
#27 /var/www/vhosts/dazzling-edison.217-174-244-122.plesk.page/httpdocs/@core/vendor/laravel/framework/src/Illuminate/Pipeline/Pipeline.php(167): Illuminate\\Session\\Middleware\\AuthenticateSession->handle()
#28 /var/www/vhosts/dazzling-edison.217-174-244-122.plesk.page/httpdocs/@core/vendor/laravel/framework/src/Illuminate/View/Middleware/ShareErrorsFromSession.php(49): Illuminate\\Pipeline\\Pipeline->Illuminate\\Pipeline\\{closure}()
#29 /var/www/vhosts/dazzling-edison.217-174-244-122.plesk.page/httpdocs/@core/vendor/laravel/framework/src/Illuminate/Pipeline/Pipeline.php(167): Illuminate\\View\\Middleware\\ShareErrorsFromSession->handle()
#30 /var/www/vhosts/dazzling-edison.217-174-244-122.plesk.page/httpdocs/@core/vendor/laravel/framework/src/Illuminate/Session/Middleware/StartSession.php(121): Illuminate\\Pipeline\\Pipeline->Illuminate\\Pipeline\\{closure}()
#31 /var/www/vhosts/dazzling-edison.217-174-244-122.plesk.page/httpdocs/@core/vendor/laravel/framework/src/Illuminate/Session/Middleware/StartSession.php(64): Illuminate\\Session\\Middleware\\StartSession->handleStatefulRequest()
#32 /var/www/vhosts/dazzling-edison.217-174-244-122.plesk.page/httpdocs/@core/vendor/laravel/framework/src/Illuminate/Pipeline/Pipeline.php(167): Illuminate\\Session\\Middleware\\StartSession->handle()
#33 /var/www/vhosts/dazzling-edison.217-174-244-122.plesk.page/httpdocs/@core/vendor/laravel/framework/src/Illuminate/Cookie/Middleware/AddQueuedCookiesToResponse.php(37): Illuminate\\Pipeline\\Pipeline->Illuminate\\Pipeline\\{closure}()
#34 /var/www/vhosts/dazzling-edison.217-174-244-122.plesk.page/httpdocs/@core/vendor/laravel/framework/src/Illuminate/Pipeline/Pipeline.php(167): Illuminate\\Cookie\\Middleware\\AddQueuedCookiesToResponse->handle()
#35 /var/www/vhosts/dazzling-edison.217-174-244-122.plesk.page/httpdocs/@core/vendor/laravel/framework/src/Illuminate/Cookie/Middleware/EncryptCookies.php(67): Illuminate\\Pipeline\\Pipeline->Illuminate\\Pipeline\\{closure}()
#36 /var/www/vhosts/dazzling-edison.217-174-244-122.plesk.page/httpdocs/@core/vendor/laravel/framework/src/Illuminate/Pipeline/Pipeline.php(167): Illuminate\\Cookie\\Middleware\\EncryptCookies->handle()
#37 /var/www/vhosts/dazzling-edison.217-174-244-122.plesk.page/httpdocs/@core/vendor/laravel/framework/src/Illuminate/Pipeline/Pipeline.php(103): Illuminate\\Pipeline\\Pipeline->Illuminate\\Pipeline\\{closure}()
#38 /var/www/vhosts/dazzling-edison.217-174-244-122.plesk.page/httpdocs/@core/vendor/laravel/framework/src/Illuminate/Routing/Router.php(723): Illuminate\\Pipeline\\Pipeline->then()
#39 /var/www/vhosts/dazzling-edison.217-174-244-122.plesk.page/httpdocs/@core/vendor/laravel/framework/src/Illuminate/Routing/Router.php(698): Illuminate\\Routing\\Router->runRouteWithinStack()
#40 /var/www/vhosts/dazzling-edison.217-174-244-122.plesk.page/httpdocs/@core/vendor/laravel/framework/src/Illuminate/Routing/Router.php(662): Illuminate\\Routing\\Router->runRoute()
#41 /var/www/vhosts/dazzling-edison.217-174-244-122.plesk.page/httpdocs/@core/vendor/laravel/framework/src/Illuminate/Routing/Router.php(651): Illuminate\\Routing\\Router->dispatchToRoute()
#42 /var/www/vhosts/dazzling-edison.217-174-244-122.plesk.page/httpdocs/@core/vendor/laravel/framework/src/Illuminate/Foundation/Http/Kernel.php(167): Illuminate\\Routing\\Router->dispatch()
#43 /var/www/vhosts/dazzling-edison.217-174-244-122.plesk.page/httpdocs/@core/vendor/laravel/framework/src/Illuminate/Pipeline/Pipeline.php(128): Illuminate\\Foundation\\Http\\Kernel->Illuminate\\Foundation\\Http\\{closure}()
#44 /var/www/vhosts/dazzling-edison.217-174-244-122.plesk.page/httpdocs/@core/vendor/laravel/framework/src/Illuminate/Foundation/Http/Middleware/TransformsRequest.php(21): Illuminate\\Pipeline\\Pipeline->Illuminate\\Pipeline\\{closure}()
#45 /var/www/vhosts/dazzling-edison.217-174-244-122.plesk.page/httpdocs/@core/vendor/laravel/framework/src/Illuminate/Foundation/Http/Middleware/ConvertEmptyStringsToNull.php(31): Illuminate\\Foundation\\Http\\Middleware\\TransformsRequest->handle()
#46 /var/www/vhosts/dazzling-edison.217-174-244-122.plesk.page/httpdocs/@core/vendor/laravel/framework/src/Illuminate/Pipeline/Pipeline.php(167): Illuminate\\Foundation\\Http\\Middleware\\ConvertEmptyStringsToNull->handle()
#47 /var/www/vhosts/dazzling-edison.217-174-244-122.plesk.page/httpdocs/@core/vendor/laravel/framework/src/Illuminate/Foundation/Http/Middleware/TransformsRequest.php(21): Illuminate\\Pipeline\\Pipeline->Illuminate\\Pipeline\\{closure}()
#48 /var/www/vhosts/dazzling-edison.217-174-244-122.plesk.page/httpdocs/@core/vendor/laravel/framework/src/Illuminate/Foundation/Http/Middleware/TrimStrings.php(40): Illuminate\\Foundation\\Http\\Middleware\\TransformsRequest->handle()
#49 /var/www/vhosts/dazzling-edison.217-174-244-122.plesk.page/httpdocs/@core/vendor/laravel/framework/src/Illuminate/Pipeline/Pipeline.php(167): Illuminate\\Foundation\\Http\\Middleware\\TrimStrings->handle()
#50 /var/www/vhosts/dazzling-edison.217-174-244-122.plesk.page/httpdocs/@core/vendor/laravel/framework/src/Illuminate/Foundation/Http/Middleware/ValidatePostSize.php(27): Illuminate\\Pipeline\\Pipeline->Illuminate\\Pipeline\\{closure}()
#51 /var/www/vhosts/dazzling-edison.217-174-244-122.plesk.page/httpdocs/@core/vendor/laravel/framework/src/Illuminate/Pipeline/Pipeline.php(167): Illuminate\\Foundation\\Http\\Middleware\\ValidatePostSize->handle()
#52 /var/www/vhosts/dazzling-edison.217-174-244-122.plesk.page/httpdocs/@core/vendor/laravel/framework/src/Illuminate/Foundation/Http/Middleware/PreventRequestsDuringMaintenance.php(86): Illuminate\\Pipeline\\Pipeline->Illuminate\\Pipeline\\{closure}()
#53 /var/www/vhosts/dazzling-edison.217-174-244-122.plesk.page/httpdocs/@core/vendor/laravel/framework/src/Illuminate/Pipeline/Pipeline.php(167): Illuminate\\Foundation\\Http\\Middleware\\PreventRequestsDuringMaintenance->handle()
#54 /var/www/vhosts/dazzling-edison.217-174-244-122.plesk.page/httpdocs/@core/vendor/fideloper/proxy/src/TrustProxies.php(57): Illuminate\\Pipeline\\Pipeline->Illuminate\\Pipeline\\{closure}()
#55 /var/www/vhosts/dazzling-edison.217-174-244-122.plesk.page/httpdocs/@core/vendor/laravel/framework/src/Illuminate/Pipeline/Pipeline.php(167): Fideloper\\Proxy\\TrustProxies->handle()
#56 /var/www/vhosts/dazzling-edison.217-174-244-122.plesk.page/httpdocs/@core/vendor/laravel/framework/src/Illuminate/Pipeline/Pipeline.php(103): Illuminate\\Pipeline\\Pipeline->Illuminate\\Pipeline\\{closure}()
#57 /var/www/vhosts/dazzling-edison.217-174-244-122.plesk.page/httpdocs/@core/vendor/laravel/framework/src/Illuminate/Foundation/Http/Kernel.php(142): Illuminate\\Pipeline\\Pipeline->then()
#58 /var/www/vhosts/dazzling-edison.217-174-244-122.plesk.page/httpdocs/@core/vendor/laravel/framework/src/Illuminate/Foundation/Http/Kernel.php(111): Illuminate\\Foundation\\Http\\Kernel->sendRequestThroughRouter()
#59 /var/www/vhosts/dazzling-edison.217-174-244-122.plesk.page/httpdocs/index.php(72): Illuminate\\Foundation\\Http\\Kernel->handle()
#60 {main}

[previous exception] [object] (ErrorException(code: 0): Undefined array key 1 at /var/www/vhosts/dazzling-edison.217-174-244-122.plesk.page/httpdocs/@core/vendor/laravel/framework/src/Illuminate/Collections/Collection.php:1641)
[stacktrace]
#0 /var/www/vhosts/dazzling-edison.217-174-244-122.plesk.page/httpdocs/@core/vendor/laravel/framework/src/Illuminate/Collections/Collection.php(1641): Illuminate\\Foundation\\Bootstrap\\HandleExceptions->handleError()
#1 /var/www/vhosts/dazzling-edison.217-174-244-122.plesk.page/httpdocs/@core/storage/framework/views/3aebe69d2f5a282661b7778835ec23f86d6d90a0.php(89): Illuminate\\Support\\Collection->offsetGet()
#2 /var/www/vhosts/dazzling-edison.217-174-244-122.plesk.page/httpdocs/@core/vendor/laravel/framework/src/Illuminate/Filesystem/Filesystem.php(107): require('...')
#3 /var/www/vhosts/dazzling-edison.217-174-244-122.plesk.page/httpdocs/@core/vendor/laravel/framework/src/Illuminate/Filesystem/Filesystem.php(108): Illuminate\\Filesystem\\Filesystem::Illuminate\\Filesystem\\{closure}()
#4 /var/www/vhosts/dazzling-edison.217-174-244-122.plesk.page/httpdocs/@core/vendor/laravel/framework/src/Illuminate/View/Engines/PhpEngine.php(58): Illuminate\\Filesystem\\Filesystem->getRequire()
#5 /var/www/vhosts/dazzling-edison.217-174-244-122.plesk.page/httpdocs/@core/vendor/laravel/framework/src/Illuminate/View/Engines/CompilerEngine.php(61): Illuminate\\View\\Engines\\PhpEngine->evaluatePath()
#6 /var/www/vhosts/dazzling-edison.217-174-244-122.plesk.page/httpdocs/@core/vendor/facade/ignition/src/Views/Engines/CompilerEngine.php(37): Illuminate\\View\\Engines\\CompilerEngine->get()
#7 /var/www/vhosts/dazzling-edison.217-174-244-122.plesk.page/httpdocs/@core/vendor/laravel/framework/src/Illuminate/View/View.php(139): Facade\\Ignition\\Views\\Engines\\CompilerEngine->get()
#8 /var/www/vhosts/dazzling-edison.217-174-244-122.plesk.page/httpdocs/@core/vendor/laravel/framework/src/Illuminate/View/View.php(122): Illuminate\\View\\View->getContents()
#9 /var/www/vhosts/dazzling-edison.217-174-244-122.plesk.page/httpdocs/@core/vendor/laravel/framework/src/Illuminate/View/View.php(91): Illuminate\\View\\View->renderContents()
#10 /var/www/vhosts/dazzling-edison.217-174-244-122.plesk.page/httpdocs/@core/vendor/laravel/framework/src/Illuminate/Http/Response.php(69): Illuminate\\View\\View->render()
#11 /var/www/vhosts/dazzling-edison.217-174-244-122.plesk.page/httpdocs/@core/vendor/laravel/framework/src/Illuminate/Http/Response.php(35): Illuminate\\Http\\Response->setContent()
#12 /var/www/vhosts/dazzling-edison.217-174-244-122.plesk.page/httpdocs/@core/vendor/laravel/framework/src/Illuminate/Routing/Router.php(820): Illuminate\\Http\\Response->__construct()
#13 /var/www/vhosts/dazzling-edison.217-174-244-122.plesk.page/httpdocs/@core/vendor/laravel/framework/src/Illuminate/Routing/Router.php(789): Illuminate\\Routing\\Router::toResponse()
#14 /var/www/vhosts/dazzling-edison.217-174-244-122.plesk.page/httpdocs/@core/vendor/laravel/framework/src/Illuminate/Routing/Router.php(721): Illuminate\\Routing\\Router->prepareResponse()
#15 /var/www/vhosts/dazzling-edison.217-174-244-122.plesk.page/httpdocs/@core/vendor/laravel/framework/src/Illuminate/Pipeline/Pipeline.php(128): Illuminate\\Routing\\Router->Illuminate\\Routing\\{closure}()
#16 /var/www/vhosts/dazzling-edison.217-174-244-122.plesk.page/httpdocs/@core/app/Http/Middleware/SetLang.php(28): Illuminate\\Pipeline\\Pipeline->Illuminate\\Pipeline\\{closure}()
#17 /var/www/vhosts/dazzling-edison.217-174-244-122.plesk.page/httpdocs/@core/vendor/laravel/framework/src/Illuminate/Pipeline/Pipeline.php(167): App\\Http\\Middleware\\SetLang->handle()
#18 /var/www/vhosts/dazzling-edison.217-174-244-122.plesk.page/httpdocs/@core/app/Http/Middleware/MaintainsMode.php(22): Illuminate\\Pipeline\\Pipeline->Illuminate\\Pipeline\\{closure}()
#19 /var/www/vhosts/dazzling-edison.217-174-244-122.plesk.page/httpdocs/@core/vendor/laravel/framework/src/Illuminate/Pipeline/Pipeline.php(167): App\\Http\\Middleware\\MaintainsMode->handle()
#20 /var/www/vhosts/dazzling-edison.217-174-244-122.plesk.page/httpdocs/@core/app/Http/Middleware/GlobalVariableMiddleware.php(92): Illuminate\\Pipeline\\Pipeline->Illuminate\\Pipeline\\{closure}()
#21 /var/www/vhosts/dazzling-edison.217-174-244-122.plesk.page/httpdocs/@core/vendor/laravel/framework/src/Illuminate/Pipeline/Pipeline.php(167): App\\Http\\Middleware\\GlobalVariableMiddleware->handle()
#22 /var/www/vhosts/dazzling-edison.217-174-244-122.plesk.page/httpdocs/@core/vendor/laravel/framework/src/Illuminate/Routing/Middleware/SubstituteBindings.php(50): Illuminate\\Pipeline\\Pipeline->Illuminate\\Pipeline\\{closure}()
#23 /var/www/vhosts/dazzling-edison.217-174-244-122.plesk.page/httpdocs/@core/vendor/laravel/framework/src/Illuminate/Pipeline/Pipeline.php(167): Illuminate\\Routing\\Middleware\\SubstituteBindings->handle()
#24 /var/www/vhosts/dazzling-edison.217-174-244-122.plesk.page/httpdocs/@core/vendor/laravel/framework/src/Illuminate/Foundation/Http/Middleware/VerifyCsrfToken.php(78): Illuminate\\Pipeline\\Pipeline->Illuminate\\Pipeline\\{closure}()
#25 /var/www/vhosts/dazzling-edison.217-174-244-122.plesk.page/httpdocs/@core/vendor/laravel/framework/src/Illuminate/Pipeline/Pipeline.php(167): Illuminate\\Foundation\\Http\\Middleware\\VerifyCsrfToken->handle()
#26 /var/www/vhosts/dazzling-edison.217-174-244-122.plesk.page/httpdocs/@core/vendor/laravel/framework/src/Illuminate/Session/Middleware/AuthenticateSession.php(39): Illuminate\\Pipeline\\Pipeline->Illuminate\\Pipeline\\{closure}()
#27 /var/www/vhosts/dazzling-edison.217-174-244-122.plesk.page/httpdocs/@core/vendor/laravel/framework/src/Illuminate/Pipeline/Pipeline.php(167): Illuminate\\Session\\Middleware\\AuthenticateSession->handle()
#28 /var/www/vhosts/dazzling-edison.217-174-244-122.plesk.page/httpdocs/@core/vendor/laravel/framework/src/Illuminate/View/Middleware/ShareErrorsFromSession.php(49): Illuminate\\Pipeline\\Pipeline->Illuminate\\Pipeline\\{closure}()
#29 /var/www/vhosts/dazzling-edison.217-174-244-122.plesk.page/httpdocs/@core/vendor/laravel/framework/src/Illuminate/Pipeline/Pipeline.php(167): Illuminate\\View\\Middleware\\ShareErrorsFromSession->handle()
#30 /var/www/vhosts/dazzling-edison.217-174-244-122.plesk.page/httpdocs/@core/vendor/laravel/framework/src/Illuminate/Session/Middleware/StartSession.php(121): Illuminate\\Pipeline\\Pipeline->Illuminate\\Pipeline\\{closure}()
#31 /var/www/vhosts/dazzling-edison.217-174-244-122.plesk.page/httpdocs/@core/vendor/laravel/framework/src/Illuminate/Session/Middleware/StartSession.php(64): Illuminate\\Session\\Middleware\\StartSession->handleStatefulRequest()
#32 /var/www/vhosts/dazzling-edison.217-174-244-122.plesk.page/httpdocs/@core/vendor/laravel/framework/src/Illuminate/Pipeline/Pipeline.php(167): Illuminate\\Session\\Middleware\\StartSession->handle()
#33 /var/www/vhosts/dazzling-edison.217-174-244-122.plesk.page/httpdocs/@core/vendor/laravel/framework/src/Illuminate/Cookie/Middleware/AddQueuedCookiesToResponse.php(37): Illuminate\\Pipeline\\Pipeline->Illuminate\\Pipeline\\{closure}()
#34 /var/www/vhosts/dazzling-edison.217-174-244-122.plesk.page/httpdocs/@core/vendor/laravel/framework/src/Illuminate/Pipeline/Pipeline.php(167): Illuminate\\Cookie\\Middleware\\AddQueuedCookiesToResponse->handle()
#35 /var/www/vhosts/dazzling-edison.217-174-244-122.plesk.page/httpdocs/@core/vendor/laravel/framework/src/Illuminate/Cookie/Middleware/EncryptCookies.php(67): Illuminate\\Pipeline\\Pipeline->Illuminate\\Pipeline\\{closure}()
#36 /var/www/vhosts/dazzling-edison.217-174-244-122.plesk.page/httpdocs/@core/vendor/laravel/framework/src/Illuminate/Pipeline/Pipeline.php(167): Illuminate\\Cookie\\Middleware\\EncryptCookies->handle()
#37 /var/www/vhosts/dazzling-edison.217-174-244-122.plesk.page/httpdocs/@core/vendor/laravel/framework/src/Illuminate/Pipeline/Pipeline.php(103): Illuminate\\Pipeline\\Pipeline->Illuminate\\Pipeline\\{closure}()
#38 /var/www/vhosts/dazzling-edison.217-174-244-122.plesk.page/httpdocs/@core/vendor/laravel/framework/src/Illuminate/Routing/Router.php(723): Illuminate\\Pipeline\\Pipeline->then()
#39 /var/www/vhosts/dazzling-edison.217-174-244-122.plesk.page/httpdocs/@core/vendor/laravel/framework/src/Illuminate/Routing/Router.php(698): Illuminate\\Routing\\Router->runRouteWithinStack()
#40 /var/www/vhosts/dazzling-edison.217-174-244-122.plesk.page/httpdocs/@core/vendor/laravel/framework/src/Illuminate/Routing/Router.php(662): Illuminate\\Routing\\Router->runRoute()
#41 /var/www/vhosts/dazzling-edison.217-174-244-122.plesk.page/httpdocs/@core/vendor/laravel/framework/src/Illuminate/Routing/Router.php(651): Illuminate\\Routing\\Router->dispatchToRoute()
#42 /var/www/vhosts/dazzling-edison.217-174-244-122.plesk.page/httpdocs/@core/vendor/laravel/framework/src/Illuminate/Foundation/Http/Kernel.php(167): Illuminate\\Routing\\Router->dispatch()
#43 /var/www/vhosts/dazzling-edison.217-174-244-122.plesk.page/httpdocs/@core/vendor/laravel/framework/src/Illuminate/Pipeline/Pipeline.php(128): Illuminate\\Foundation\\Http\\Kernel->Illuminate\\Foundation\\Http\\{closure}()
#44 /var/www/vhosts/dazzling-edison.217-174-244-122.plesk.page/httpdocs/@core/vendor/laravel/framework/src/Illuminate/Foundation/Http/Middleware/TransformsRequest.php(21): Illuminate\\Pipeline\\Pipeline->Illuminate\\Pipeline\\{closure}()
#45 /var/www/vhosts/dazzling-edison.217-174-244-122.plesk.page/httpdocs/@core/vendor/laravel/framework/src/Illuminate/Foundation/Http/Middleware/ConvertEmptyStringsToNull.php(31): Illuminate\\Foundation\\Http\\Middleware\\TransformsRequest->handle()
#46 /var/www/vhosts/dazzling-edison.217-174-244-122.plesk.page/httpdocs/@core/vendor/laravel/framework/src/Illuminate/Pipeline/Pipeline.php(167): Illuminate\\Foundation\\Http\\Middleware\\ConvertEmptyStringsToNull->handle()
#47 /var/www/vhosts/dazzling-edison.217-174-244-122.plesk.page/httpdocs/@core/vendor/laravel/framework/src/Illuminate/Foundation/Http/Middleware/TransformsRequest.php(21): Illuminate\\Pipeline\\Pipeline->Illuminate\\Pipeline\\{closure}()
#48 /var/www/vhosts/dazzling-edison.217-174-244-122.plesk.page/httpdocs/@core/vendor/laravel/framework/src/Illuminate/Foundation/Http/Middleware/TrimStrings.php(40): Illuminate\\Foundation\\Http\\Middleware\\TransformsRequest->handle()
#49 /var/www/vhosts/dazzling-edison.217-174-244-122.plesk.page/httpdocs/@core/vendor/laravel/framework/src/Illuminate/Pipeline/Pipeline.php(167): Illuminate\\Foundation\\Http\\Middleware\\TrimStrings->handle()
#50 /var/www/vhosts/dazzling-edison.217-174-244-122.plesk.page/httpdocs/@core/vendor/laravel/framework/src/Illuminate/Foundation/Http/Middleware/ValidatePostSize.php(27): Illuminate\\Pipeline\\Pipeline->Illuminate\\Pipeline\\{closure}()
#51 /var/www/vhosts/dazzling-edison.217-174-244-122.plesk.page/httpdocs/@core/vendor/laravel/framework/src/Illuminate/Pipeline/Pipeline.php(167): Illuminate\\Foundation\\Http\\Middleware\\ValidatePostSize->handle()
#52 /var/www/vhosts/dazzling-edison.217-174-244-122.plesk.page/httpdocs/@core/vendor/laravel/framework/src/Illuminate/Foundation/Http/Middleware/PreventRequestsDuringMaintenance.php(86): Illuminate\\Pipeline\\Pipeline->Illuminate\\Pipeline\\{closure}()
#53 /var/www/vhosts/dazzling-edison.217-174-244-122.plesk.page/httpdocs/@core/vendor/laravel/framework/src/Illuminate/Pipeline/Pipeline.php(167): Illuminate\\Foundation\\Http\\Middleware\\PreventRequestsDuringMaintenance->handle()
#54 /var/www/vhosts/dazzling-edison.217-174-244-122.plesk.page/httpdocs/@core/vendor/fideloper/proxy/src/TrustProxies.php(57): Illuminate\\Pipeline\\Pipeline->Illuminate\\Pipeline\\{closure}()
#55 /var/www/vhosts/dazzling-edison.217-174-244-122.plesk.page/httpdocs/@core/vendor/laravel/framework/src/Illuminate/Pipeline/Pipeline.php(167): Fideloper\\Proxy\\TrustProxies->handle()
#56 /var/www/vhosts/dazzling-edison.217-174-244-122.plesk.page/httpdocs/@core/vendor/laravel/framework/src/Illuminate/Pipeline/Pipeline.php(103): Illuminate\\Pipeline\\Pipeline->Illuminate\\Pipeline\\{closure}()
#57 /var/www/vhosts/dazzling-edison.217-174-244-122.plesk.page/httpdocs/@core/vendor/laravel/framework/src/Illuminate/Foundation/Http/Kernel.php(142): Illuminate\\Pipeline\\Pipeline->then()
#58 /var/www/vhosts/dazzling-edison.217-174-244-122.plesk.page/httpdocs/@core/vendor/laravel/framework/src/Illuminate/Foundation/Http/Kernel.php(111): Illuminate\\Foundation\\Http\\Kernel->sendRequestThroughRouter()
#59 /var/www/vhosts/dazzling-edison.217-174-244-122.plesk.page/httpdocs/index.php(72): Illuminate\\Foundation\\Http\\Kernel->handle()
#60 {main}
"} 
