[2023-07-06 18:54:28] local.ERROR: require(/var/www/vhosts/dazzling-edison.217-174-244-122.plesk.page/httpdocs/@core/routes/channels.php): Failed to open stream: No such file or directory {"exception":"[object] (ErrorException(code: 0): require(/var/www/vhosts/dazzling-edison.217-174-244-122.plesk.page/httpdocs/@core/routes/channels.php): Failed to open stream: No such file or directory at /var/www/vhosts/dazzling-edison.217-174-244-122.plesk.page/httpdocs/@core/app/Providers/BroadcastServiceProvider.php:20)
[stacktrace]
#0 /var/www/vhosts/dazzling-edison.217-174-244-122.plesk.page/httpdocs/@core/app/Providers/BroadcastServiceProvider.php(20): Illuminate\\Foundation\\Bootstrap\\HandleExceptions->handleError()
#1 /var/www/vhosts/dazzling-edison.217-174-244-122.plesk.page/httpdocs/@core/app/Providers/BroadcastServiceProvider.php(20): require()
#2 /var/www/vhosts/dazzling-edison.217-174-244-122.plesk.page/httpdocs/@core/vendor/laravel/framework/src/Illuminate/Container/BoundMethod.php(36): App\\Providers\\BroadcastServiceProvider->boot()
#3 /var/www/vhosts/dazzling-edison.217-174-244-122.plesk.page/httpdocs/@core/vendor/laravel/framework/src/Illuminate/Container/Util.php(40): Illuminate\\Container\\BoundMethod::Illuminate\\Container\\{closure}()
#4 /var/www/vhosts/dazzling-edison.217-174-244-122.plesk.page/httpdocs/@core/vendor/laravel/framework/src/Illuminate/Container/BoundMethod.php(93): Illuminate\\Container\\Util::unwrapIfClosure()
#5 /var/www/vhosts/dazzling-edison.217-174-244-122.plesk.page/httpdocs/@core/vendor/laravel/framework/src/Illuminate/Container/BoundMethod.php(37): Illuminate\\Container\\BoundMethod::callBoundMethod()
#6 /var/www/vhosts/dazzling-edison.217-174-244-122.plesk.page/httpdocs/@core/vendor/laravel/framework/src/Illuminate/Container/Container.php(653): Illuminate\\Container\\BoundMethod::call()
#7 /var/www/vhosts/dazzling-edison.217-174-244-122.plesk.page/httpdocs/@core/vendor/laravel/framework/src/Illuminate/Foundation/Application.php(924): Illuminate\\Container\\Container->call()
#8 /var/www/vhosts/dazzling-edison.217-174-244-122.plesk.page/httpdocs/@core/vendor/laravel/framework/src/Illuminate/Foundation/Application.php(905): Illuminate\\Foundation\\Application->bootProvider()
#9 [internal function]: Illuminate\\Foundation\\Application->Illuminate\\Foundation\\{closure}()
#10 /var/www/vhosts/dazzling-edison.217-174-244-122.plesk.page/httpdocs/@core/vendor/laravel/framework/src/Illuminate/Foundation/Application.php(906): array_walk()
#11 /var/www/vhosts/dazzling-edison.217-174-244-122.plesk.page/httpdocs/@core/vendor/laravel/framework/src/Illuminate/Foundation/Bootstrap/BootProviders.php(17): Illuminate\\Foundation\\Application->boot()
#12 /var/www/vhosts/dazzling-edison.217-174-244-122.plesk.page/httpdocs/@core/vendor/laravel/framework/src/Illuminate/Foundation/Application.php(237): Illuminate\\Foundation\\Bootstrap\\BootProviders->bootstrap()
#13 /var/www/vhosts/dazzling-edison.217-174-244-122.plesk.page/httpdocs/@core/vendor/laravel/framework/src/Illuminate/Foundation/Http/Kernel.php(153): Illuminate\\Foundation\\Application->bootstrapWith()
#14 /var/www/vhosts/dazzling-edison.217-174-244-122.plesk.page/httpdocs/@core/vendor/laravel/framework/src/Illuminate/Foundation/Http/Kernel.php(137): Illuminate\\Foundation\\Http\\Kernel->bootstrap()
#15 /var/www/vhosts/dazzling-edison.217-174-244-122.plesk.page/httpdocs/@core/vendor/laravel/framework/src/Illuminate/Foundation/Http/Kernel.php(111): Illuminate\\Foundation\\Http\\Kernel->sendRequestThroughRouter()
#16 /var/www/vhosts/dazzling-edison.217-174-244-122.plesk.page/httpdocs/index.php(72): Illuminate\\Foundation\\Http\\Kernel->handle()
#17 {main}
"} 
[2023-07-06 18:54:33] local.ERROR: require(/var/www/vhosts/dazzling-edison.217-174-244-122.plesk.page/httpdocs/@core/routes/channels.php): Failed to open stream: No such file or directory {"exception":"[object] (ErrorException(code: 0): require(/var/www/vhosts/dazzling-edison.217-174-244-122.plesk.page/httpdocs/@core/routes/channels.php): Failed to open stream: No such file or directory at /var/www/vhosts/dazzling-edison.217-174-244-122.plesk.page/httpdocs/@core/app/Providers/BroadcastServiceProvider.php:20)
[stacktrace]
#0 /var/www/vhosts/dazzling-edison.217-174-244-122.plesk.page/httpdocs/@core/app/Providers/BroadcastServiceProvider.php(20): Illuminate\\Foundation\\Bootstrap\\HandleExceptions->handleError()
#1 /var/www/vhosts/dazzling-edison.217-174-244-122.plesk.page/httpdocs/@core/app/Providers/BroadcastServiceProvider.php(20): require()
#2 /var/www/vhosts/dazzling-edison.217-174-244-122.plesk.page/httpdocs/@core/vendor/laravel/framework/src/Illuminate/Container/BoundMethod.php(36): App\\Providers\\BroadcastServiceProvider->boot()
#3 /var/www/vhosts/dazzling-edison.217-174-244-122.plesk.page/httpdocs/@core/vendor/laravel/framework/src/Illuminate/Container/Util.php(40): Illuminate\\Container\\BoundMethod::Illuminate\\Container\\{closure}()
#4 /var/www/vhosts/dazzling-edison.217-174-244-122.plesk.page/httpdocs/@core/vendor/laravel/framework/src/Illuminate/Container/BoundMethod.php(93): Illuminate\\Container\\Util::unwrapIfClosure()
#5 /var/www/vhosts/dazzling-edison.217-174-244-122.plesk.page/httpdocs/@core/vendor/laravel/framework/src/Illuminate/Container/BoundMethod.php(37): Illuminate\\Container\\BoundMethod::callBoundMethod()
#6 /var/www/vhosts/dazzling-edison.217-174-244-122.plesk.page/httpdocs/@core/vendor/laravel/framework/src/Illuminate/Container/Container.php(653): Illuminate\\Container\\BoundMethod::call()
#7 /var/www/vhosts/dazzling-edison.217-174-244-122.plesk.page/httpdocs/@core/vendor/laravel/framework/src/Illuminate/Foundation/Application.php(924): Illuminate\\Container\\Container->call()
#8 /var/www/vhosts/dazzling-edison.217-174-244-122.plesk.page/httpdocs/@core/vendor/laravel/framework/src/Illuminate/Foundation/Application.php(905): Illuminate\\Foundation\\Application->bootProvider()
#9 [internal function]: Illuminate\\Foundation\\Application->Illuminate\\Foundation\\{closure}()
#10 /var/www/vhosts/dazzling-edison.217-174-244-122.plesk.page/httpdocs/@core/vendor/laravel/framework/src/Illuminate/Foundation/Application.php(906): array_walk()
#11 /var/www/vhosts/dazzling-edison.217-174-244-122.plesk.page/httpdocs/@core/vendor/laravel/framework/src/Illuminate/Foundation/Bootstrap/BootProviders.php(17): Illuminate\\Foundation\\Application->boot()
#12 /var/www/vhosts/dazzling-edison.217-174-244-122.plesk.page/httpdocs/@core/vendor/laravel/framework/src/Illuminate/Foundation/Application.php(237): Illuminate\\Foundation\\Bootstrap\\BootProviders->bootstrap()
#13 /var/www/vhosts/dazzling-edison.217-174-244-122.plesk.page/httpdocs/@core/vendor/laravel/framework/src/Illuminate/Foundation/Http/Kernel.php(153): Illuminate\\Foundation\\Application->bootstrapWith()
#14 /var/www/vhosts/dazzling-edison.217-174-244-122.plesk.page/httpdocs/@core/vendor/laravel/framework/src/Illuminate/Foundation/Http/Kernel.php(137): Illuminate\\Foundation\\Http\\Kernel->bootstrap()
#15 /var/www/vhosts/dazzling-edison.217-174-244-122.plesk.page/httpdocs/@core/vendor/laravel/framework/src/Illuminate/Foundation/Http/Kernel.php(111): Illuminate\\Foundation\\Http\\Kernel->sendRequestThroughRouter()
#16 /var/www/vhosts/dazzling-edison.217-174-244-122.plesk.page/httpdocs/index.php(72): Illuminate\\Foundation\\Http\\Kernel->handle()
#17 {main}
"} 
